{
  "stats": {
    "suites": 0,
    "tests": 0,
    "passes": 0,
    "pending": 0,
    "failures": 0,
    "start": "2026-05-05T13:15:51.947Z",
    "end": "2026-05-05T13:15:56.143Z",
    "duration": 4196,
    "testsRegistered": 57,
    "passPercent": 0,
    "pendingPercent": 0,
    "other": 2,
    "hasOther": true,
    "skipped": 57,
    "hasSkipped": true
  },
  "results": [
    {
      "uuid": "d32587fe-5b46-4f9a-baf2-7046a4c489bd",
      "title": "",
      "fullFile": "",
      "file": "",
      "beforeHooks": [
        {
          "title": "\"before all\" hook for \"1. Thay đổi số lượng bằng dấu +\"",
          "fullTitle": "\"before all\" hook for \"1. Thay đổi số lượng bằng dấu +\"",
          "timedOut": true,
          "duration": 2178,
          "state": "failed",
          "speed": null,
          "pass": false,
          "fail": true,
          "pending": false,
          "context": null,
          "code": "driver = await new Builder().forBrowser('chrome').build();\nawait driver.manage().window().maximize();\nawait addProductToCart(driver, product.url);\nfor (let i = 0; i < 10; i++) {\n    initialPrice = await getPrice(driver);\n    if (initialPrice !== '0đ') break;\n    await driver.sleep(1000);\n}\nconsole.log(`Giá trị đơn hàng ban đầu: ${initialPrice}`);",
          "err": {
            "message": "Error: Timeout of 2000ms exceeded. For async tests and hooks, ensure \"done()\" is called; if returning a Promise, ensure it resolves.",
            "estack": "Error: Timeout of 2000ms exceeded. For async tests and hooks, ensure \"done()\" is called; if returning a Promise, ensure it resolves.\n    at listOnTimeout (node:internal/timers:588:17)\n    at process.processTimers (node:internal/timers:523:7)",
            "diff": null
          },
          "uuid": "4513e524-4d79-4fae-984f-dab8f7dde03d",
          "parentUUID": "d32587fe-5b46-4f9a-baf2-7046a4c489bd",
          "isHook": true,
          "skipped": false
        },
        {
          "title": "\"before all\" hook",
          "fullTitle": "\"before all\" hook",
          "timedOut": false,
          "duration": 0,
          "state": null,
          "speed": null,
          "pass": false,
          "fail": false,
          "pending": false,
          "context": null,
          "code": "driver = await new Builder().forBrowser('chrome').build();\nawait driver.manage().window().maximize();\nawait addProductToCart(driver, product.url);\nfor (let i = 0; i < 10; i++) {\n    initialPrice = await getPrice(driver);\n    if (initialPrice !== '0đ') break;\n    await driver.sleep(1000);\n}\nconsole.log(`Giá trị đơn hàng ban đầu: ${initialPrice}`);",
          "err": {},
          "uuid": "41d7a78b-d744-409c-b046-23ce6776a2b9",
          "parentUUID": "d32587fe-5b46-4f9a-baf2-7046a4c489bd",
          "isHook": true,
          "skipped": false
        },
        {
          "title": "\"before all\" hook",
          "fullTitle": "\"before all\" hook",
          "timedOut": false,
          "duration": 0,
          "state": null,
          "speed": null,
          "pass": false,
          "fail": false,
          "pending": false,
          "context": null,
          "code": "driver = await new Builder().forBrowser('chrome').build();\nawait driver.manage().window().maximize();\nawait addProductToCart(driver, product.url);\nfor (let i = 0; i < 10; i++) {\n    initialPrice = await getPrice(driver);\n    if (initialPrice !== '0đ') break;\n    await driver.sleep(1000);\n}\nconsole.log(`Giá trị đơn hàng ban đầu: ${initialPrice}`);",
          "err": {},
          "uuid": "21155b6f-136b-4a3f-a728-612527f93a45",
          "parentUUID": "d32587fe-5b46-4f9a-baf2-7046a4c489bd",
          "isHook": true,
          "skipped": false
        },
        {
          "title": "\"before all\" hook",
          "fullTitle": "\"before all\" hook",
          "timedOut": false,
          "duration": 0,
          "state": null,
          "speed": null,
          "pass": false,
          "fail": false,
          "pending": false,
          "context": null,
          "code": "driver = await new Builder().forBrowser('chrome').build();\nawait driver.manage().window().maximize();\nawait addProductToCart(driver, product.url);\nfor (let i = 0; i < 10; i++) {\n    initialPrice = await getPrice(driver);\n    if (initialPrice !== '0đ') break;\n    await driver.sleep(1000);\n}\nconsole.log(`Giá trị đơn hàng ban đầu: ${initialPrice}`);",
          "err": {},
          "uuid": "05b55b7a-946e-41b3-bfe8-68670c040a36",
          "parentUUID": "d32587fe-5b46-4f9a-baf2-7046a4c489bd",
          "isHook": true,
          "skipped": false
        },
        {
          "title": "\"before all\" hook",
          "fullTitle": "\"before all\" hook",
          "timedOut": false,
          "duration": 0,
          "state": null,
          "speed": null,
          "pass": false,
          "fail": false,
          "pending": false,
          "context": null,
          "code": "driver = await new Builder().forBrowser('chrome').build();\nawait driver.manage().window().maximize();\nawait addProductToCart(driver, product.url);\nfor (let i = 0; i < 10; i++) {\n    initialPrice = await getPrice(driver);\n    if (initialPrice !== '0đ') break;\n    await driver.sleep(1000);\n}\nconsole.log(`Giá trị đơn hàng ban đầu: ${initialPrice}`);",
          "err": {},
          "uuid": "ed219881-9230-4917-83dd-44b71b080fac",
          "parentUUID": "d32587fe-5b46-4f9a-baf2-7046a4c489bd",
          "isHook": true,
          "skipped": false
        },
        {
          "title": "\"before all\" hook",
          "fullTitle": "\"before all\" hook",
          "timedOut": false,
          "duration": 0,
          "state": null,
          "speed": null,
          "pass": false,
          "fail": false,
          "pending": false,
          "context": null,
          "code": "driver = await new Builder().forBrowser('chrome').build();\nawait driver.manage().window().maximize();\n// Thêm lần lượt 3 sản phẩm khác nhau vào giỏ hàng\nfor (const product of targetProducts) {\n    console.log(`Đang thêm: ${product.name}`);\n    await addProductToCart(driver, product.url);\n    // After each product, if redirected to cart, go back to allow adding the next one\n    const url = await driver.getCurrentUrl();\n    if (url.includes('gio-hang')) {\n        await driver.navigate().back();\n        await driver.sleep(1000);\n    }\n}\n// Vào trang giỏ hàng để bắt đầu test\nawait driver.get('https://fptshop.com.vn/gio-hang');\nawait driver.wait(until.urlContains('gio-hang'), 10000);\nawait driver.sleep(2000);\nconsole.log(`[Setup] Đã thêm ${targetProducts.length} sản phẩm vào giỏ. Bắt đầu iteration số lượng: ${targetQty}`);",
          "err": {},
          "uuid": "321dc033-8e66-433b-baee-1ab567b0f412",
          "parentUUID": "d32587fe-5b46-4f9a-baf2-7046a4c489bd",
          "isHook": true,
          "skipped": false
        },
        {
          "title": "\"before all\" hook",
          "fullTitle": "\"before all\" hook",
          "timedOut": false,
          "duration": 0,
          "state": null,
          "speed": null,
          "pass": false,
          "fail": false,
          "pending": false,
          "context": null,
          "code": "driver = await new Builder().forBrowser('chrome').build();\nawait driver.manage().window().maximize();\n// Thêm lần lượt 3 sản phẩm khác nhau vào giỏ hàng\nfor (const product of targetProducts) {\n    console.log(`Đang thêm: ${product.name}`);\n    await addProductToCart(driver, product.url);\n    // After each product, if redirected to cart, go back to allow adding the next one\n    const url = await driver.getCurrentUrl();\n    if (url.includes('gio-hang')) {\n        await driver.navigate().back();\n        await driver.sleep(1000);\n    }\n}\n// Vào trang giỏ hàng để bắt đầu test\nawait driver.get('https://fptshop.com.vn/gio-hang');\nawait driver.wait(until.urlContains('gio-hang'), 10000);\nawait driver.sleep(2000);\nconsole.log(`[Setup] Đã thêm ${targetProducts.length} sản phẩm vào giỏ. Bắt đầu iteration số lượng: ${targetQty}`);",
          "err": {},
          "uuid": "2f60f91a-c7fb-423f-a03c-1f76ed59d400",
          "parentUUID": "d32587fe-5b46-4f9a-baf2-7046a4c489bd",
          "isHook": true,
          "skipped": false
        },
        {
          "title": "\"before all\" hook",
          "fullTitle": "\"before all\" hook",
          "timedOut": false,
          "duration": 0,
          "state": null,
          "speed": null,
          "pass": false,
          "fail": false,
          "pending": false,
          "context": null,
          "code": "driver = await new Builder().forBrowser('chrome').build();\nawait driver.manage().window().maximize();\n// Thêm lần lượt 3 sản phẩm khác nhau vào giỏ hàng\nfor (const product of targetProducts) {\n    console.log(`Đang thêm: ${product.name}`);\n    await addProductToCart(driver, product.url);\n    // After each product, if redirected to cart, go back to allow adding the next one\n    const url = await driver.getCurrentUrl();\n    if (url.includes('gio-hang')) {\n        await driver.navigate().back();\n        await driver.sleep(1000);\n    }\n}\n// Vào trang giỏ hàng để bắt đầu test\nawait driver.get('https://fptshop.com.vn/gio-hang');\nawait driver.wait(until.urlContains('gio-hang'), 10000);\nawait driver.sleep(2000);\nconsole.log(`[Setup] Đã thêm ${targetProducts.length} sản phẩm vào giỏ. Bắt đầu iteration số lượng: ${targetQty}`);",
          "err": {},
          "uuid": "58509b8e-263e-46e9-ac89-e3203ebd3556",
          "parentUUID": "d32587fe-5b46-4f9a-baf2-7046a4c489bd",
          "isHook": true,
          "skipped": false
        },
        {
          "title": "\"before all\" hook",
          "fullTitle": "\"before all\" hook",
          "timedOut": false,
          "duration": 0,
          "state": null,
          "speed": null,
          "pass": false,
          "fail": false,
          "pending": false,
          "context": null,
          "code": "driver = await new Builder().forBrowser('chrome').build();\nawait driver.manage().window().maximize();\n// Dùng máy tính xách tay để có dịch vụ bảo hành đi kèm\nawait addProductToCart(driver, 'https://fptshop.com.vn/may-tinh-xach-tay');\n// Đọc giá ban đầu trong giỏ hàng\nfor (let i = 0; i < 10; i++) {\n    priceBefore = await getPrice(driver);\n    if (priceBefore !== '0đ') break;\n    await driver.sleep(1000);\n}\nconsole.log(`Giá ban đầu (chưa chọn dịch vụ): ${priceBefore}`);",
          "err": {},
          "uuid": "cc7c454a-e794-4df5-a7bf-ce136b2f472a",
          "parentUUID": "d32587fe-5b46-4f9a-baf2-7046a4c489bd",
          "isHook": true,
          "skipped": false
        },
        {
          "title": "\"before all\" hook",
          "fullTitle": "\"before all\" hook",
          "timedOut": false,
          "duration": 0,
          "state": null,
          "speed": null,
          "pass": false,
          "fail": false,
          "pending": false,
          "context": null,
          "code": "driver = await new Builder().forBrowser('chrome').build();\nawait driver.manage().window().maximize();",
          "err": {},
          "uuid": "590063f8-3a43-406f-ae4f-882bc61fadad",
          "parentUUID": "d32587fe-5b46-4f9a-baf2-7046a4c489bd",
          "isHook": true,
          "skipped": false
        },
        {
          "title": "\"before all\" hook",
          "fullTitle": "\"before all\" hook",
          "timedOut": false,
          "duration": 0,
          "state": null,
          "speed": null,
          "pass": false,
          "fail": false,
          "pending": false,
          "context": null,
          "code": "driver = await new Builder().forBrowser('chrome').build();\nawait driver.manage().window().maximize();",
          "err": {},
          "uuid": "6c5ccca2-03c1-44ef-966f-bd2a73bd4198",
          "parentUUID": "d32587fe-5b46-4f9a-baf2-7046a4c489bd",
          "isHook": true,
          "skipped": false
        }
      ],
      "afterHooks": [
        {
          "title": "\"after all\" hook for \"3. Xác nhận trang kết quả sau khi hết hạn giao dịch\"",
          "fullTitle": "\"after all\" hook for \"3. Xác nhận trang kết quả sau khi hết hạn giao dịch\"",
          "timedOut": false,
          "duration": 2014,
          "state": "failed",
          "speed": null,
          "pass": false,
          "fail": true,
          "pending": false,
          "context": null,
          "code": "if (driver) {\n    await driver.quit();\n}",
          "err": {
            "message": "Error: Timeout of 2000ms exceeded. For async tests and hooks, ensure \"done()\" is called; if returning a Promise, ensure it resolves.",
            "estack": "Error: Timeout of 2000ms exceeded. For async tests and hooks, ensure \"done()\" is called; if returning a Promise, ensure it resolves.\n    at listOnTimeout (node:internal/timers:588:17)\n    at process.processTimers (node:internal/timers:523:7)",
            "diff": null
          },
          "uuid": "4f73f9e1-770f-4e3b-928d-e0f927052e28",
          "parentUUID": "d32587fe-5b46-4f9a-baf2-7046a4c489bd",
          "isHook": true,
          "skipped": false
        },
        {
          "title": "\"after all\" hook",
          "fullTitle": "\"after all\" hook",
          "timedOut": false,
          "duration": 0,
          "state": null,
          "speed": null,
          "pass": false,
          "fail": false,
          "pending": false,
          "context": null,
          "code": "if (driver) {\n    await driver.quit();\n}",
          "err": {},
          "uuid": "55b76716-a296-4c97-89e5-f7a750f5d116",
          "parentUUID": "d32587fe-5b46-4f9a-baf2-7046a4c489bd",
          "isHook": true,
          "skipped": false
        },
        {
          "title": "\"after all\" hook",
          "fullTitle": "\"after all\" hook",
          "timedOut": false,
          "duration": 0,
          "state": null,
          "speed": null,
          "pass": false,
          "fail": false,
          "pending": false,
          "context": null,
          "code": "if (driver) {\n    await driver.quit();\n}",
          "err": {},
          "uuid": "a86d7d5e-b207-441a-81fc-76eb5835307c",
          "parentUUID": "d32587fe-5b46-4f9a-baf2-7046a4c489bd",
          "isHook": true,
          "skipped": false
        },
        {
          "title": "\"after all\" hook",
          "fullTitle": "\"after all\" hook",
          "timedOut": false,
          "duration": 0,
          "state": null,
          "speed": null,
          "pass": false,
          "fail": false,
          "pending": false,
          "context": null,
          "code": "if (driver) {\n    await driver.quit();\n}",
          "err": {},
          "uuid": "c4fa97ca-b7c0-4a7c-acf0-c4c50ddc5495",
          "parentUUID": "d32587fe-5b46-4f9a-baf2-7046a4c489bd",
          "isHook": true,
          "skipped": false
        },
        {
          "title": "\"after all\" hook",
          "fullTitle": "\"after all\" hook",
          "timedOut": false,
          "duration": 0,
          "state": null,
          "speed": null,
          "pass": false,
          "fail": false,
          "pending": false,
          "context": null,
          "code": "if (driver) {\n    await driver.quit();\n}",
          "err": {},
          "uuid": "ea1afbfa-7013-4bc5-8d63-e0cd16dfd720",
          "parentUUID": "d32587fe-5b46-4f9a-baf2-7046a4c489bd",
          "isHook": true,
          "skipped": false
        },
        {
          "title": "\"after all\" hook",
          "fullTitle": "\"after all\" hook",
          "timedOut": false,
          "duration": 0,
          "state": null,
          "speed": null,
          "pass": false,
          "fail": false,
          "pending": false,
          "context": null,
          "code": "if (driver) await driver.quit();",
          "err": {},
          "uuid": "c49ca203-8c68-4e23-b606-204e1ced5689",
          "parentUUID": "d32587fe-5b46-4f9a-baf2-7046a4c489bd",
          "isHook": true,
          "skipped": false
        },
        {
          "title": "\"after all\" hook",
          "fullTitle": "\"after all\" hook",
          "timedOut": false,
          "duration": 0,
          "state": null,
          "speed": null,
          "pass": false,
          "fail": false,
          "pending": false,
          "context": null,
          "code": "if (driver) await driver.quit();",
          "err": {},
          "uuid": "15b0736c-5a6c-41e8-b807-f36709e1b3de",
          "parentUUID": "d32587fe-5b46-4f9a-baf2-7046a4c489bd",
          "isHook": true,
          "skipped": false
        },
        {
          "title": "\"after all\" hook",
          "fullTitle": "\"after all\" hook",
          "timedOut": false,
          "duration": 0,
          "state": null,
          "speed": null,
          "pass": false,
          "fail": false,
          "pending": false,
          "context": null,
          "code": "if (driver) await driver.quit();",
          "err": {},
          "uuid": "d5913371-bd6c-4c4b-a6eb-d3e62868b47d",
          "parentUUID": "d32587fe-5b46-4f9a-baf2-7046a4c489bd",
          "isHook": true,
          "skipped": false
        },
        {
          "title": "\"after all\" hook",
          "fullTitle": "\"after all\" hook",
          "timedOut": false,
          "duration": 0,
          "state": null,
          "speed": null,
          "pass": false,
          "fail": false,
          "pending": false,
          "context": null,
          "code": "if (driver) await driver.quit();",
          "err": {},
          "uuid": "fe4ca2e0-ee5a-4656-ac4f-ea6fb08507a8",
          "parentUUID": "d32587fe-5b46-4f9a-baf2-7046a4c489bd",
          "isHook": true,
          "skipped": false
        },
        {
          "title": "\"after all\" hook",
          "fullTitle": "\"after all\" hook",
          "timedOut": false,
          "duration": 0,
          "state": null,
          "speed": null,
          "pass": false,
          "fail": false,
          "pending": false,
          "context": null,
          "code": "if (driver) await driver.quit();",
          "err": {},
          "uuid": "5c09069f-e469-4df6-98bb-5e7c6b020f35",
          "parentUUID": "d32587fe-5b46-4f9a-baf2-7046a4c489bd",
          "isHook": true,
          "skipped": false
        },
        {
          "title": "\"after all\" hook",
          "fullTitle": "\"after all\" hook",
          "timedOut": false,
          "duration": 0,
          "state": null,
          "speed": null,
          "pass": false,
          "fail": false,
          "pending": false,
          "context": null,
          "code": "if (driver) await driver.quit();",
          "err": {},
          "uuid": "eec3208d-9a8d-4613-864e-bcb3f35060b3",
          "parentUUID": "d32587fe-5b46-4f9a-baf2-7046a4c489bd",
          "isHook": true,
          "skipped": false
        },
        {
          "title": "\"after each\" hook",
          "fullTitle": "\"after each\" hook",
          "timedOut": false,
          "duration": 0,
          "state": null,
          "speed": null,
          "pass": false,
          "fail": false,
          "pending": false,
          "context": null,
          "code": "const screenshotPath = await takeScreenshot(driver, this.currentTest.title, 'tc016');\naddContext(this, {\n    title: this.currentTest.state === 'failed' ? 'Screenshot khi thất bại' : 'Bằng chứng thực thi',\n    value: `../../${screenshotPath}`\n});",
          "err": {},
          "uuid": "dbd17942-7ca0-48b8-8ad4-614fd14d65db",
          "parentUUID": "d32587fe-5b46-4f9a-baf2-7046a4c489bd",
          "isHook": true,
          "skipped": false
        },
        {
          "title": "\"after each\" hook",
          "fullTitle": "\"after each\" hook",
          "timedOut": false,
          "duration": 0,
          "state": null,
          "speed": null,
          "pass": false,
          "fail": false,
          "pending": false,
          "context": null,
          "code": "const screenshotPath = await takeScreenshot(driver, this.currentTest.title, 'tc016');\naddContext(this, {\n    title: this.currentTest.state === 'failed' ? 'Screenshot khi thất bại' : 'Bằng chứng thực thi',\n    value: `../../${screenshotPath}`\n});",
          "err": {},
          "uuid": "6b55ed36-9643-494b-a801-a0932c83e4c4",
          "parentUUID": "d32587fe-5b46-4f9a-baf2-7046a4c489bd",
          "isHook": true,
          "skipped": false
        },
        {
          "title": "\"after each\" hook",
          "fullTitle": "\"after each\" hook",
          "timedOut": false,
          "duration": 0,
          "state": null,
          "speed": null,
          "pass": false,
          "fail": false,
          "pending": false,
          "context": null,
          "code": "const screenshotPath = await takeScreenshot(driver, this.currentTest.title, 'tc016');\naddContext(this, {\n    title: this.currentTest.state === 'failed' ? 'Screenshot khi thất bại' : 'Bằng chứng thực thi',\n    value: `../../${screenshotPath}`\n});",
          "err": {},
          "uuid": "380afe64-75a0-47ec-bbd2-51c363094373",
          "parentUUID": "d32587fe-5b46-4f9a-baf2-7046a4c489bd",
          "isHook": true,
          "skipped": false
        },
        {
          "title": "\"after each\" hook",
          "fullTitle": "\"after each\" hook",
          "timedOut": false,
          "duration": 0,
          "state": null,
          "speed": null,
          "pass": false,
          "fail": false,
          "pending": false,
          "context": null,
          "code": "const screenshotPath = await takeScreenshot(driver, this.currentTest.title, 'tc016');\naddContext(this, {\n    title: this.currentTest.state === 'failed' ? 'Screenshot khi thất bại' : 'Bằng chứng thực thi',\n    value: `../../${screenshotPath}`\n});",
          "err": {},
          "uuid": "8b16bd18-ad83-4bc0-9d7a-58fbaa73796a",
          "parentUUID": "d32587fe-5b46-4f9a-baf2-7046a4c489bd",
          "isHook": true,
          "skipped": false
        },
        {
          "title": "\"after each\" hook",
          "fullTitle": "\"after each\" hook",
          "timedOut": false,
          "duration": 0,
          "state": null,
          "speed": null,
          "pass": false,
          "fail": false,
          "pending": false,
          "context": null,
          "code": "const screenshotPath = await takeScreenshot(driver, this.currentTest.title, 'tc016');\naddContext(this, {\n    title: this.currentTest.state === 'failed' ? 'Screenshot khi thất bại' : 'Bằng chứng thực thi',\n    value: `../../${screenshotPath}`\n});",
          "err": {},
          "uuid": "8fac54f4-e214-4b10-98cb-7bce572fcbe5",
          "parentUUID": "d32587fe-5b46-4f9a-baf2-7046a4c489bd",
          "isHook": true,
          "skipped": false
        },
        {
          "title": "\"after each\" hook",
          "fullTitle": "\"after each\" hook",
          "timedOut": false,
          "duration": 0,
          "state": null,
          "speed": null,
          "pass": false,
          "fail": false,
          "pending": false,
          "context": null,
          "code": "const screenshotPath = await takeScreenshot(driver, this.currentTest.title, 'tc017');\naddContext(this, {\n    title: this.currentTest.state === 'failed' ? 'Screenshot khi thất bại' : 'Bằng chứng thực thi',\n    value: `../../${screenshotPath}`\n});",
          "err": {},
          "uuid": "2c8992fc-3dfa-4b70-b3f3-bbdab5904243",
          "parentUUID": "d32587fe-5b46-4f9a-baf2-7046a4c489bd",
          "isHook": true,
          "skipped": false
        },
        {
          "title": "\"after each\" hook",
          "fullTitle": "\"after each\" hook",
          "timedOut": false,
          "duration": 0,
          "state": null,
          "speed": null,
          "pass": false,
          "fail": false,
          "pending": false,
          "context": null,
          "code": "const screenshotPath = await takeScreenshot(driver, this.currentTest.title, 'tc017');\naddContext(this, {\n    title: this.currentTest.state === 'failed' ? 'Screenshot khi thất bại' : 'Bằng chứng thực thi',\n    value: `../../${screenshotPath}`\n});",
          "err": {},
          "uuid": "a215a8ed-febb-4bbe-8322-12f5080e040d",
          "parentUUID": "d32587fe-5b46-4f9a-baf2-7046a4c489bd",
          "isHook": true,
          "skipped": false
        },
        {
          "title": "\"after each\" hook",
          "fullTitle": "\"after each\" hook",
          "timedOut": false,
          "duration": 0,
          "state": null,
          "speed": null,
          "pass": false,
          "fail": false,
          "pending": false,
          "context": null,
          "code": "const screenshotPath = await takeScreenshot(driver, this.currentTest.title, 'tc017');\naddContext(this, {\n    title: this.currentTest.state === 'failed' ? 'Screenshot khi thất bại' : 'Bằng chứng thực thi',\n    value: `../../${screenshotPath}`\n});",
          "err": {},
          "uuid": "47e72b98-2b6b-4af9-bc8e-c53f1423334f",
          "parentUUID": "d32587fe-5b46-4f9a-baf2-7046a4c489bd",
          "isHook": true,
          "skipped": false
        },
        {
          "title": "\"after each\" hook",
          "fullTitle": "\"after each\" hook",
          "timedOut": false,
          "duration": 0,
          "state": null,
          "speed": null,
          "pass": false,
          "fail": false,
          "pending": false,
          "context": null,
          "code": "const screenshotPath = await takeScreenshot(driver, this.currentTest.title, 'tc018');\naddContext(this, {\n    title: this.currentTest.state === 'failed' ? 'Screenshot khi thất bại' : 'Bằng chứng thực thi',\n    value: `../../${screenshotPath}`\n});",
          "err": {},
          "uuid": "8aa3fd1d-e91d-4f05-b38a-c27c3761d0ce",
          "parentUUID": "d32587fe-5b46-4f9a-baf2-7046a4c489bd",
          "isHook": true,
          "skipped": false
        },
        {
          "title": "\"after each\" hook",
          "fullTitle": "\"after each\" hook",
          "timedOut": false,
          "duration": 0,
          "state": null,
          "speed": null,
          "pass": false,
          "fail": false,
          "pending": false,
          "context": null,
          "code": "const screenshotPath = await takeScreenshot(driver, this.currentTest.title, 'tc019');\naddContext(this, { title: this.currentTest.state === 'failed' ? 'Screenshot khi thất bại' : 'Bằng chứng thực thi', value: `../../${screenshotPath}` });",
          "err": {},
          "uuid": "1785d112-6ab3-4389-89d4-2c1ec5d8bded",
          "parentUUID": "d32587fe-5b46-4f9a-baf2-7046a4c489bd",
          "isHook": true,
          "skipped": false
        },
        {
          "title": "\"after each\" hook",
          "fullTitle": "\"after each\" hook",
          "timedOut": false,
          "duration": 0,
          "state": null,
          "speed": null,
          "pass": false,
          "fail": false,
          "pending": false,
          "context": null,
          "code": "const screenshotPath = await takeScreenshot(driver, this.currentTest.title, 'tc020');\naddContext(this, { title: this.currentTest.state === 'failed' ? 'Screenshot khi thất bại' : 'Bằng chứng thực thi', value: `../../${screenshotPath}` });",
          "err": {},
          "uuid": "c28e31cf-8a08-467e-9758-7fdff809d14b",
          "parentUUID": "d32587fe-5b46-4f9a-baf2-7046a4c489bd",
          "isHook": true,
          "skipped": false
        }
      ],
      "tests": [
        {
          "title": "1. Thay đổi số lượng bằng dấu +",
          "fullTitle": "1. Thay đổi số lượng bằng dấu +",
          "timedOut": false,
          "duration": 0,
          "state": null,
          "speed": null,
          "pass": false,
          "fail": false,
          "pending": false,
          "context": null,
          "code": "let plusBtn;\ntry {\n    plusBtn = await driver.findElement(By.xpath(plusButtonXPath));\n} catch (e) {\n    console.log(\"Không tìm thấy nút cộng, bỏ qua step này.\");\n    this.skip();\n}\nconst qtyBefore = await getQuantity(driver);\nconst priceBefore = await getPrice(driver);\nawait driver.executeScript('arguments[0].click();', plusBtn);\nconst priceAfterPlus = await waitForPriceChange(driver, priceBefore, 10000);\nconst qtyAfter = await getQuantity(driver);\nconsole.log(`Số lượng: ${qtyBefore} -> ${qtyAfter}`);\nconsole.log(`Giá trị: ${priceBefore} -> ${priceAfterPlus}`);\nexpect(qtyBefore).to.not.equal(qtyAfter, 'Số lượng sản phẩm không tăng lên sau khi nhấn [+]');\nexpect(priceBefore).to.not.equal(priceAfterPlus, 'Giá tiền không cập nhật sau khi nhấn [+]');",
          "err": {},
          "uuid": "c591a305-8ea2-4b7f-bf6b-d71104eea3e4",
          "parentUUID": "d32587fe-5b46-4f9a-baf2-7046a4c489bd",
          "isHook": false,
          "skipped": true
        },
        {
          "title": "2. Thay đổi số lượng bằng dấu -",
          "fullTitle": "2. Thay đổi số lượng bằng dấu -",
          "timedOut": false,
          "duration": 0,
          "state": null,
          "speed": null,
          "pass": false,
          "fail": false,
          "pending": false,
          "context": null,
          "code": "let minusBtn;\ntry {\n    minusBtn = await driver.findElement(By.xpath(minusButtonXPath));\n} catch (e) {\n    console.log(\"Không tìm thấy nút trừ, bỏ qua step này.\");\n    this.skip();\n}\nconst qtyBefore = await getQuantity(driver);\nconst priceBefore = await getPrice(driver);\nif (parseInt(qtyBefore) <= 1) {\n    console.log(\"Số lượng đang là 1, bỏ qua step trừ để tránh xoá sản phẩm khỏi giỏ.\");\n    this.skip();\n}\nawait driver.executeScript('arguments[0].click();', minusBtn);\nconst priceAfterMinus = await waitForPriceChange(driver, priceBefore, 10000);\nconst qtyAfter = await getQuantity(driver);\nconsole.log(`Số lượng: ${qtyBefore} -> ${qtyAfter}`);\nconsole.log(`Giá trị: ${priceBefore} -> ${priceAfterMinus}`);\nexpect(qtyBefore).to.not.equal(qtyAfter, 'Số lượng sản phẩm không giảm đi sau khi nhấn [-]');\nexpect(priceBefore).to.not.equal(priceAfterMinus, 'Giá tiền không cập nhật sau khi nhấn [-]');",
          "err": {},
          "uuid": "ff7d56fa-a8be-4aaa-818a-4050053e6535",
          "parentUUID": "d32587fe-5b46-4f9a-baf2-7046a4c489bd",
          "isHook": false,
          "skipped": true
        },
        {
          "title": "3. Thay đổi số lượng bằng nhập trực tiếp 30",
          "fullTitle": "3. Thay đổi số lượng bằng nhập trực tiếp 30",
          "timedOut": false,
          "duration": 0,
          "state": null,
          "speed": null,
          "pass": false,
          "fail": false,
          "pending": false,
          "context": null,
          "code": "const priceBefore = await getPrice(driver);\nconst { currentPrice } = await testQuantityInput(driver, '30', priceBefore);\nexpect(priceBefore).to.not.equal(currentPrice, 'Giá tiền không cập nhật sau khi nhập 30');",
          "err": {},
          "uuid": "33daeaaf-ae98-401b-8e04-31a7e29d1132",
          "parentUUID": "d32587fe-5b46-4f9a-baf2-7046a4c489bd",
          "isHook": false,
          "skipped": true
        },
        {
          "title": "4. Thay đổi số lượng bằng nhập trực tiếp 300000 ",
          "fullTitle": "4. Thay đổi số lượng bằng nhập trực tiếp 300000 ",
          "timedOut": false,
          "duration": 0,
          "state": null,
          "speed": null,
          "pass": false,
          "fail": false,
          "pending": false,
          "context": null,
          "code": "const priceBefore = await getPrice(driver);\nconst { currentPrice } = await testQuantityInput(driver, '300000', priceBefore);\nif (currentPrice === priceBefore) {\n    // Nếu giá không load/cập nhật -> Hệ thống ngầm từ chối (hết hàng), lúc này BẮT BUỘC phải có cảnh báo\n    const hasAlert = await driver.executeScript(`\n    const alerts = document.querySelectorAll('.toast, .alert, .notification, .message, .error');\n    for(let a of alerts) {\n        let text = a.innerText.toLowerCase();\n        if(text.includes('tồn kho') || text.includes('hết hàng') || text.includes('không đủ') || text.includes('vượt quá')) {\n            return true;\n        }\n    }\n    return false;\n`);\n    expect(hasAlert).to.equal(true, 'Hệ thống từ chối số lượng 40000 (giá không đổi) nhưng lại KHÔNG hiển thị cảnh báo hết hàng/tồn kho');\n} else {\n    // Nếu giá vẫn load bình thường -> Vẫn còn hàng, cho phép vượt qua\n    expect(priceBefore).to.not.equal(currentPrice);\n}",
          "err": {},
          "uuid": "271b9e05-e73c-4a2d-b3c6-c509e16d0d54",
          "parentUUID": "d32587fe-5b46-4f9a-baf2-7046a4c489bd",
          "isHook": false,
          "skipped": true
        },
        {
          "title": "5. Thay đổi số lượng bằng nhập trực tiếp 99999999999999",
          "fullTitle": "5. Thay đổi số lượng bằng nhập trực tiếp 99999999999999",
          "timedOut": false,
          "duration": 0,
          "state": null,
          "speed": null,
          "pass": false,
          "fail": false,
          "pending": false,
          "context": null,
          "code": "const priceBefore = await getPrice(driver);\nconst { currentPrice } = await testQuantityInput(driver, '99999999999999', priceBefore, 2000);\nexpect(priceBefore).to.not.equal(\n    currentPrice,\n    'Hệ thống không cập nhật giá trị hoặc xử lý sai khi nhập số lượng siêu lớn (99999999999999). Lỗi bảo mật/logic hệ thống.'\n);",
          "err": {},
          "uuid": "aa7276bc-0b00-4e84-9c0b-d47f1d56be60",
          "parentUUID": "d32587fe-5b46-4f9a-baf2-7046a4c489bd",
          "isHook": false,
          "skipped": true
        },
        {
          "title": "1. Thay đổi số lượng bằng dấu +",
          "fullTitle": "1. Thay đổi số lượng bằng dấu +",
          "timedOut": false,
          "duration": 0,
          "state": null,
          "speed": null,
          "pass": false,
          "fail": false,
          "pending": false,
          "context": null,
          "code": "let plusBtn;\ntry {\n    plusBtn = await driver.findElement(By.xpath(plusButtonXPath));\n} catch (e) {\n    console.log(\"Không tìm thấy nút cộng, bỏ qua step này.\");\n    this.skip();\n}\nconst qtyBefore = await getQuantity(driver);\nconst priceBefore = await getPrice(driver);\nawait driver.executeScript('arguments[0].click();', plusBtn);\nconst priceAfterPlus = await waitForPriceChange(driver, priceBefore, 10000);\nconst qtyAfter = await getQuantity(driver);\nconsole.log(`Số lượng: ${qtyBefore} -> ${qtyAfter}`);\nconsole.log(`Giá trị: ${priceBefore} -> ${priceAfterPlus}`);\nexpect(qtyBefore).to.not.equal(qtyAfter, 'Số lượng sản phẩm không tăng lên sau khi nhấn [+]');\nexpect(priceBefore).to.not.equal(priceAfterPlus, 'Giá tiền không cập nhật sau khi nhấn [+]');",
          "err": {},
          "uuid": "ad45ab09-3cd4-45ac-a07b-4edbeba104f9",
          "parentUUID": "d32587fe-5b46-4f9a-baf2-7046a4c489bd",
          "isHook": false,
          "skipped": true
        },
        {
          "title": "2. Thay đổi số lượng bằng dấu -",
          "fullTitle": "2. Thay đổi số lượng bằng dấu -",
          "timedOut": false,
          "duration": 0,
          "state": null,
          "speed": null,
          "pass": false,
          "fail": false,
          "pending": false,
          "context": null,
          "code": "let minusBtn;\ntry {\n    minusBtn = await driver.findElement(By.xpath(minusButtonXPath));\n} catch (e) {\n    console.log(\"Không tìm thấy nút trừ, bỏ qua step này.\");\n    this.skip();\n}\nconst qtyBefore = await getQuantity(driver);\nconst priceBefore = await getPrice(driver);\nif (parseInt(qtyBefore) <= 1) {\n    console.log(\"Số lượng đang là 1, bỏ qua step trừ để tránh xoá sản phẩm khỏi giỏ.\");\n    this.skip();\n}\nawait driver.executeScript('arguments[0].click();', minusBtn);\nconst priceAfterMinus = await waitForPriceChange(driver, priceBefore, 10000);\nconst qtyAfter = await getQuantity(driver);\nconsole.log(`Số lượng: ${qtyBefore} -> ${qtyAfter}`);\nconsole.log(`Giá trị: ${priceBefore} -> ${priceAfterMinus}`);\nexpect(qtyBefore).to.not.equal(qtyAfter, 'Số lượng sản phẩm không giảm đi sau khi nhấn [-]');\nexpect(priceBefore).to.not.equal(priceAfterMinus, 'Giá tiền không cập nhật sau khi nhấn [-]');",
          "err": {},
          "uuid": "5b091a94-c14a-47f3-b565-ae2c9aaa9369",
          "parentUUID": "d32587fe-5b46-4f9a-baf2-7046a4c489bd",
          "isHook": false,
          "skipped": true
        },
        {
          "title": "3. Thay đổi số lượng bằng nhập trực tiếp 30",
          "fullTitle": "3. Thay đổi số lượng bằng nhập trực tiếp 30",
          "timedOut": false,
          "duration": 0,
          "state": null,
          "speed": null,
          "pass": false,
          "fail": false,
          "pending": false,
          "context": null,
          "code": "const priceBefore = await getPrice(driver);\nconst { currentPrice } = await testQuantityInput(driver, '30', priceBefore);\nexpect(priceBefore).to.not.equal(currentPrice, 'Giá tiền không cập nhật sau khi nhập 30');",
          "err": {},
          "uuid": "6c062816-4996-4082-b963-cb111449fa06",
          "parentUUID": "d32587fe-5b46-4f9a-baf2-7046a4c489bd",
          "isHook": false,
          "skipped": true
        },
        {
          "title": "4. Thay đổi số lượng bằng nhập trực tiếp 300000 ",
          "fullTitle": "4. Thay đổi số lượng bằng nhập trực tiếp 300000 ",
          "timedOut": false,
          "duration": 0,
          "state": null,
          "speed": null,
          "pass": false,
          "fail": false,
          "pending": false,
          "context": null,
          "code": "const priceBefore = await getPrice(driver);\nconst { currentPrice } = await testQuantityInput(driver, '300000', priceBefore);\nif (currentPrice === priceBefore) {\n    // Nếu giá không load/cập nhật -> Hệ thống ngầm từ chối (hết hàng), lúc này BẮT BUỘC phải có cảnh báo\n    const hasAlert = await driver.executeScript(`\n    const alerts = document.querySelectorAll('.toast, .alert, .notification, .message, .error');\n    for(let a of alerts) {\n        let text = a.innerText.toLowerCase();\n        if(text.includes('tồn kho') || text.includes('hết hàng') || text.includes('không đủ') || text.includes('vượt quá')) {\n            return true;\n        }\n    }\n    return false;\n`);\n    expect(hasAlert).to.equal(true, 'Hệ thống từ chối số lượng 40000 (giá không đổi) nhưng lại KHÔNG hiển thị cảnh báo hết hàng/tồn kho');\n} else {\n    // Nếu giá vẫn load bình thường -> Vẫn còn hàng, cho phép vượt qua\n    expect(priceBefore).to.not.equal(currentPrice);\n}",
          "err": {},
          "uuid": "86d5b5fd-a6de-4fc8-957f-db0d626cac3c",
          "parentUUID": "d32587fe-5b46-4f9a-baf2-7046a4c489bd",
          "isHook": false,
          "skipped": true
        },
        {
          "title": "5. Thay đổi số lượng bằng nhập trực tiếp 99999999999999",
          "fullTitle": "5. Thay đổi số lượng bằng nhập trực tiếp 99999999999999",
          "timedOut": false,
          "duration": 0,
          "state": null,
          "speed": null,
          "pass": false,
          "fail": false,
          "pending": false,
          "context": null,
          "code": "const priceBefore = await getPrice(driver);\nconst { currentPrice } = await testQuantityInput(driver, '99999999999999', priceBefore, 2000);\nexpect(priceBefore).to.not.equal(\n    currentPrice,\n    'Hệ thống không cập nhật giá trị hoặc xử lý sai khi nhập số lượng siêu lớn (99999999999999). Lỗi bảo mật/logic hệ thống.'\n);",
          "err": {},
          "uuid": "e52fd8f0-1835-4290-ba38-7ec682954e85",
          "parentUUID": "d32587fe-5b46-4f9a-baf2-7046a4c489bd",
          "isHook": false,
          "skipped": true
        },
        {
          "title": "1. Thay đổi số lượng bằng dấu +",
          "fullTitle": "1. Thay đổi số lượng bằng dấu +",
          "timedOut": false,
          "duration": 0,
          "state": null,
          "speed": null,
          "pass": false,
          "fail": false,
          "pending": false,
          "context": null,
          "code": "let plusBtn;\ntry {\n    plusBtn = await driver.findElement(By.xpath(plusButtonXPath));\n} catch (e) {\n    console.log(\"Không tìm thấy nút cộng, bỏ qua step này.\");\n    this.skip();\n}\nconst qtyBefore = await getQuantity(driver);\nconst priceBefore = await getPrice(driver);\nawait driver.executeScript('arguments[0].click();', plusBtn);\nconst priceAfterPlus = await waitForPriceChange(driver, priceBefore, 10000);\nconst qtyAfter = await getQuantity(driver);\nconsole.log(`Số lượng: ${qtyBefore} -> ${qtyAfter}`);\nconsole.log(`Giá trị: ${priceBefore} -> ${priceAfterPlus}`);\nexpect(qtyBefore).to.not.equal(qtyAfter, 'Số lượng sản phẩm không tăng lên sau khi nhấn [+]');\nexpect(priceBefore).to.not.equal(priceAfterPlus, 'Giá tiền không cập nhật sau khi nhấn [+]');",
          "err": {},
          "uuid": "20c375fe-bd96-457b-8799-0a56566745df",
          "parentUUID": "d32587fe-5b46-4f9a-baf2-7046a4c489bd",
          "isHook": false,
          "skipped": true
        },
        {
          "title": "2. Thay đổi số lượng bằng dấu -",
          "fullTitle": "2. Thay đổi số lượng bằng dấu -",
          "timedOut": false,
          "duration": 0,
          "state": null,
          "speed": null,
          "pass": false,
          "fail": false,
          "pending": false,
          "context": null,
          "code": "let minusBtn;\ntry {\n    minusBtn = await driver.findElement(By.xpath(minusButtonXPath));\n} catch (e) {\n    console.log(\"Không tìm thấy nút trừ, bỏ qua step này.\");\n    this.skip();\n}\nconst qtyBefore = await getQuantity(driver);\nconst priceBefore = await getPrice(driver);\nif (parseInt(qtyBefore) <= 1) {\n    console.log(\"Số lượng đang là 1, bỏ qua step trừ để tránh xoá sản phẩm khỏi giỏ.\");\n    this.skip();\n}\nawait driver.executeScript('arguments[0].click();', minusBtn);\nconst priceAfterMinus = await waitForPriceChange(driver, priceBefore, 10000);\nconst qtyAfter = await getQuantity(driver);\nconsole.log(`Số lượng: ${qtyBefore} -> ${qtyAfter}`);\nconsole.log(`Giá trị: ${priceBefore} -> ${priceAfterMinus}`);\nexpect(qtyBefore).to.not.equal(qtyAfter, 'Số lượng sản phẩm không giảm đi sau khi nhấn [-]');\nexpect(priceBefore).to.not.equal(priceAfterMinus, 'Giá tiền không cập nhật sau khi nhấn [-]');",
          "err": {},
          "uuid": "43b5dce6-e811-4e55-b1fd-bd705d37f780",
          "parentUUID": "d32587fe-5b46-4f9a-baf2-7046a4c489bd",
          "isHook": false,
          "skipped": true
        },
        {
          "title": "3. Thay đổi số lượng bằng nhập trực tiếp 30",
          "fullTitle": "3. Thay đổi số lượng bằng nhập trực tiếp 30",
          "timedOut": false,
          "duration": 0,
          "state": null,
          "speed": null,
          "pass": false,
          "fail": false,
          "pending": false,
          "context": null,
          "code": "const priceBefore = await getPrice(driver);\nconst { currentPrice } = await testQuantityInput(driver, '30', priceBefore);\nexpect(priceBefore).to.not.equal(currentPrice, 'Giá tiền không cập nhật sau khi nhập 30');",
          "err": {},
          "uuid": "0042e0b1-542f-427c-afcf-9777f1748e1d",
          "parentUUID": "d32587fe-5b46-4f9a-baf2-7046a4c489bd",
          "isHook": false,
          "skipped": true
        },
        {
          "title": "4. Thay đổi số lượng bằng nhập trực tiếp 300000 ",
          "fullTitle": "4. Thay đổi số lượng bằng nhập trực tiếp 300000 ",
          "timedOut": false,
          "duration": 0,
          "state": null,
          "speed": null,
          "pass": false,
          "fail": false,
          "pending": false,
          "context": null,
          "code": "const priceBefore = await getPrice(driver);\nconst { currentPrice } = await testQuantityInput(driver, '300000', priceBefore);\nif (currentPrice === priceBefore) {\n    // Nếu giá không load/cập nhật -> Hệ thống ngầm từ chối (hết hàng), lúc này BẮT BUỘC phải có cảnh báo\n    const hasAlert = await driver.executeScript(`\n    const alerts = document.querySelectorAll('.toast, .alert, .notification, .message, .error');\n    for(let a of alerts) {\n        let text = a.innerText.toLowerCase();\n        if(text.includes('tồn kho') || text.includes('hết hàng') || text.includes('không đủ') || text.includes('vượt quá')) {\n            return true;\n        }\n    }\n    return false;\n`);\n    expect(hasAlert).to.equal(true, 'Hệ thống từ chối số lượng 40000 (giá không đổi) nhưng lại KHÔNG hiển thị cảnh báo hết hàng/tồn kho');\n} else {\n    // Nếu giá vẫn load bình thường -> Vẫn còn hàng, cho phép vượt qua\n    expect(priceBefore).to.not.equal(currentPrice);\n}",
          "err": {},
          "uuid": "4014d130-4ba0-4dde-953b-750d0c5da2c8",
          "parentUUID": "d32587fe-5b46-4f9a-baf2-7046a4c489bd",
          "isHook": false,
          "skipped": true
        },
        {
          "title": "5. Thay đổi số lượng bằng nhập trực tiếp 99999999999999",
          "fullTitle": "5. Thay đổi số lượng bằng nhập trực tiếp 99999999999999",
          "timedOut": false,
          "duration": 0,
          "state": null,
          "speed": null,
          "pass": false,
          "fail": false,
          "pending": false,
          "context": null,
          "code": "const priceBefore = await getPrice(driver);\nconst { currentPrice } = await testQuantityInput(driver, '99999999999999', priceBefore, 2000);\nexpect(priceBefore).to.not.equal(\n    currentPrice,\n    'Hệ thống không cập nhật giá trị hoặc xử lý sai khi nhập số lượng siêu lớn (99999999999999). Lỗi bảo mật/logic hệ thống.'\n);",
          "err": {},
          "uuid": "bff8c2c3-dd8a-4f47-b69f-7386f6679ded",
          "parentUUID": "d32587fe-5b46-4f9a-baf2-7046a4c489bd",
          "isHook": false,
          "skipped": true
        },
        {
          "title": "1. Thay đổi số lượng bằng dấu +",
          "fullTitle": "1. Thay đổi số lượng bằng dấu +",
          "timedOut": false,
          "duration": 0,
          "state": null,
          "speed": null,
          "pass": false,
          "fail": false,
          "pending": false,
          "context": null,
          "code": "let plusBtn;\ntry {\n    plusBtn = await driver.findElement(By.xpath(plusButtonXPath));\n} catch (e) {\n    console.log(\"Không tìm thấy nút cộng, bỏ qua step này.\");\n    this.skip();\n}\nconst qtyBefore = await getQuantity(driver);\nconst priceBefore = await getPrice(driver);\nawait driver.executeScript('arguments[0].click();', plusBtn);\nconst priceAfterPlus = await waitForPriceChange(driver, priceBefore, 10000);\nconst qtyAfter = await getQuantity(driver);\nconsole.log(`Số lượng: ${qtyBefore} -> ${qtyAfter}`);\nconsole.log(`Giá trị: ${priceBefore} -> ${priceAfterPlus}`);\nexpect(qtyBefore).to.not.equal(qtyAfter, 'Số lượng sản phẩm không tăng lên sau khi nhấn [+]');\nexpect(priceBefore).to.not.equal(priceAfterPlus, 'Giá tiền không cập nhật sau khi nhấn [+]');",
          "err": {},
          "uuid": "cd62fd05-1da7-4899-9ac1-2fd587b4177b",
          "parentUUID": "d32587fe-5b46-4f9a-baf2-7046a4c489bd",
          "isHook": false,
          "skipped": true
        },
        {
          "title": "2. Thay đổi số lượng bằng dấu -",
          "fullTitle": "2. Thay đổi số lượng bằng dấu -",
          "timedOut": false,
          "duration": 0,
          "state": null,
          "speed": null,
          "pass": false,
          "fail": false,
          "pending": false,
          "context": null,
          "code": "let minusBtn;\ntry {\n    minusBtn = await driver.findElement(By.xpath(minusButtonXPath));\n} catch (e) {\n    console.log(\"Không tìm thấy nút trừ, bỏ qua step này.\");\n    this.skip();\n}\nconst qtyBefore = await getQuantity(driver);\nconst priceBefore = await getPrice(driver);\nif (parseInt(qtyBefore) <= 1) {\n    console.log(\"Số lượng đang là 1, bỏ qua step trừ để tránh xoá sản phẩm khỏi giỏ.\");\n    this.skip();\n}\nawait driver.executeScript('arguments[0].click();', minusBtn);\nconst priceAfterMinus = await waitForPriceChange(driver, priceBefore, 10000);\nconst qtyAfter = await getQuantity(driver);\nconsole.log(`Số lượng: ${qtyBefore} -> ${qtyAfter}`);\nconsole.log(`Giá trị: ${priceBefore} -> ${priceAfterMinus}`);\nexpect(qtyBefore).to.not.equal(qtyAfter, 'Số lượng sản phẩm không giảm đi sau khi nhấn [-]');\nexpect(priceBefore).to.not.equal(priceAfterMinus, 'Giá tiền không cập nhật sau khi nhấn [-]');",
          "err": {},
          "uuid": "5e9b58c9-342d-40fa-88dd-6a84380dfb0a",
          "parentUUID": "d32587fe-5b46-4f9a-baf2-7046a4c489bd",
          "isHook": false,
          "skipped": true
        },
        {
          "title": "3. Thay đổi số lượng bằng nhập trực tiếp 30",
          "fullTitle": "3. Thay đổi số lượng bằng nhập trực tiếp 30",
          "timedOut": false,
          "duration": 0,
          "state": null,
          "speed": null,
          "pass": false,
          "fail": false,
          "pending": false,
          "context": null,
          "code": "const priceBefore = await getPrice(driver);\nconst { currentPrice } = await testQuantityInput(driver, '30', priceBefore);\nexpect(priceBefore).to.not.equal(currentPrice, 'Giá tiền không cập nhật sau khi nhập 30');",
          "err": {},
          "uuid": "cc5562db-a87f-4a2c-a258-5f420d75c0a6",
          "parentUUID": "d32587fe-5b46-4f9a-baf2-7046a4c489bd",
          "isHook": false,
          "skipped": true
        },
        {
          "title": "4. Thay đổi số lượng bằng nhập trực tiếp 300000 ",
          "fullTitle": "4. Thay đổi số lượng bằng nhập trực tiếp 300000 ",
          "timedOut": false,
          "duration": 0,
          "state": null,
          "speed": null,
          "pass": false,
          "fail": false,
          "pending": false,
          "context": null,
          "code": "const priceBefore = await getPrice(driver);\nconst { currentPrice } = await testQuantityInput(driver, '300000', priceBefore);\nif (currentPrice === priceBefore) {\n    // Nếu giá không load/cập nhật -> Hệ thống ngầm từ chối (hết hàng), lúc này BẮT BUỘC phải có cảnh báo\n    const hasAlert = await driver.executeScript(`\n    const alerts = document.querySelectorAll('.toast, .alert, .notification, .message, .error');\n    for(let a of alerts) {\n        let text = a.innerText.toLowerCase();\n        if(text.includes('tồn kho') || text.includes('hết hàng') || text.includes('không đủ') || text.includes('vượt quá')) {\n            return true;\n        }\n    }\n    return false;\n`);\n    expect(hasAlert).to.equal(true, 'Hệ thống từ chối số lượng 40000 (giá không đổi) nhưng lại KHÔNG hiển thị cảnh báo hết hàng/tồn kho');\n} else {\n    // Nếu giá vẫn load bình thường -> Vẫn còn hàng, cho phép vượt qua\n    expect(priceBefore).to.not.equal(currentPrice);\n}",
          "err": {},
          "uuid": "9f8811d7-e9bd-4ea6-b6b7-d6111642b139",
          "parentUUID": "d32587fe-5b46-4f9a-baf2-7046a4c489bd",
          "isHook": false,
          "skipped": true
        },
        {
          "title": "5. Thay đổi số lượng bằng nhập trực tiếp 99999999999999",
          "fullTitle": "5. Thay đổi số lượng bằng nhập trực tiếp 99999999999999",
          "timedOut": false,
          "duration": 0,
          "state": null,
          "speed": null,
          "pass": false,
          "fail": false,
          "pending": false,
          "context": null,
          "code": "const priceBefore = await getPrice(driver);\nconst { currentPrice } = await testQuantityInput(driver, '99999999999999', priceBefore, 2000);\nexpect(priceBefore).to.not.equal(\n    currentPrice,\n    'Hệ thống không cập nhật giá trị hoặc xử lý sai khi nhập số lượng siêu lớn (99999999999999). Lỗi bảo mật/logic hệ thống.'\n);",
          "err": {},
          "uuid": "628cfb90-32ea-4699-80bd-ee3b39047813",
          "parentUUID": "d32587fe-5b46-4f9a-baf2-7046a4c489bd",
          "isHook": false,
          "skipped": true
        },
        {
          "title": "1. Thay đổi số lượng bằng dấu +",
          "fullTitle": "1. Thay đổi số lượng bằng dấu +",
          "timedOut": false,
          "duration": 0,
          "state": null,
          "speed": null,
          "pass": false,
          "fail": false,
          "pending": false,
          "context": null,
          "code": "let plusBtn;\ntry {\n    plusBtn = await driver.findElement(By.xpath(plusButtonXPath));\n} catch (e) {\n    console.log(\"Không tìm thấy nút cộng, bỏ qua step này.\");\n    this.skip();\n}\nconst qtyBefore = await getQuantity(driver);\nconst priceBefore = await getPrice(driver);\nawait driver.executeScript('arguments[0].click();', plusBtn);\nconst priceAfterPlus = await waitForPriceChange(driver, priceBefore, 10000);\nconst qtyAfter = await getQuantity(driver);\nconsole.log(`Số lượng: ${qtyBefore} -> ${qtyAfter}`);\nconsole.log(`Giá trị: ${priceBefore} -> ${priceAfterPlus}`);\nexpect(qtyBefore).to.not.equal(qtyAfter, 'Số lượng sản phẩm không tăng lên sau khi nhấn [+]');\nexpect(priceBefore).to.not.equal(priceAfterPlus, 'Giá tiền không cập nhật sau khi nhấn [+]');",
          "err": {},
          "uuid": "61afe4a8-1a9a-410a-b658-f75224ee5ed1",
          "parentUUID": "d32587fe-5b46-4f9a-baf2-7046a4c489bd",
          "isHook": false,
          "skipped": true
        },
        {
          "title": "2. Thay đổi số lượng bằng dấu -",
          "fullTitle": "2. Thay đổi số lượng bằng dấu -",
          "timedOut": false,
          "duration": 0,
          "state": null,
          "speed": null,
          "pass": false,
          "fail": false,
          "pending": false,
          "context": null,
          "code": "let minusBtn;\ntry {\n    minusBtn = await driver.findElement(By.xpath(minusButtonXPath));\n} catch (e) {\n    console.log(\"Không tìm thấy nút trừ, bỏ qua step này.\");\n    this.skip();\n}\nconst qtyBefore = await getQuantity(driver);\nconst priceBefore = await getPrice(driver);\nif (parseInt(qtyBefore) <= 1) {\n    console.log(\"Số lượng đang là 1, bỏ qua step trừ để tránh xoá sản phẩm khỏi giỏ.\");\n    this.skip();\n}\nawait driver.executeScript('arguments[0].click();', minusBtn);\nconst priceAfterMinus = await waitForPriceChange(driver, priceBefore, 10000);\nconst qtyAfter = await getQuantity(driver);\nconsole.log(`Số lượng: ${qtyBefore} -> ${qtyAfter}`);\nconsole.log(`Giá trị: ${priceBefore} -> ${priceAfterMinus}`);\nexpect(qtyBefore).to.not.equal(qtyAfter, 'Số lượng sản phẩm không giảm đi sau khi nhấn [-]');\nexpect(priceBefore).to.not.equal(priceAfterMinus, 'Giá tiền không cập nhật sau khi nhấn [-]');",
          "err": {},
          "uuid": "dc131a29-9bb0-4dc2-bbdf-fbb43240038b",
          "parentUUID": "d32587fe-5b46-4f9a-baf2-7046a4c489bd",
          "isHook": false,
          "skipped": true
        },
        {
          "title": "3. Thay đổi số lượng bằng nhập trực tiếp 30",
          "fullTitle": "3. Thay đổi số lượng bằng nhập trực tiếp 30",
          "timedOut": false,
          "duration": 0,
          "state": null,
          "speed": null,
          "pass": false,
          "fail": false,
          "pending": false,
          "context": null,
          "code": "const priceBefore = await getPrice(driver);\nconst { currentPrice } = await testQuantityInput(driver, '30', priceBefore);\nexpect(priceBefore).to.not.equal(currentPrice, 'Giá tiền không cập nhật sau khi nhập 30');",
          "err": {},
          "uuid": "5aa98b01-e9f9-43d0-a7c5-06e8bdc36ea7",
          "parentUUID": "d32587fe-5b46-4f9a-baf2-7046a4c489bd",
          "isHook": false,
          "skipped": true
        },
        {
          "title": "4. Thay đổi số lượng bằng nhập trực tiếp 300000 ",
          "fullTitle": "4. Thay đổi số lượng bằng nhập trực tiếp 300000 ",
          "timedOut": false,
          "duration": 0,
          "state": null,
          "speed": null,
          "pass": false,
          "fail": false,
          "pending": false,
          "context": null,
          "code": "const priceBefore = await getPrice(driver);\nconst { currentPrice } = await testQuantityInput(driver, '300000', priceBefore);\nif (currentPrice === priceBefore) {\n    // Nếu giá không load/cập nhật -> Hệ thống ngầm từ chối (hết hàng), lúc này BẮT BUỘC phải có cảnh báo\n    const hasAlert = await driver.executeScript(`\n    const alerts = document.querySelectorAll('.toast, .alert, .notification, .message, .error');\n    for(let a of alerts) {\n        let text = a.innerText.toLowerCase();\n        if(text.includes('tồn kho') || text.includes('hết hàng') || text.includes('không đủ') || text.includes('vượt quá')) {\n            return true;\n        }\n    }\n    return false;\n`);\n    expect(hasAlert).to.equal(true, 'Hệ thống từ chối số lượng 40000 (giá không đổi) nhưng lại KHÔNG hiển thị cảnh báo hết hàng/tồn kho');\n} else {\n    // Nếu giá vẫn load bình thường -> Vẫn còn hàng, cho phép vượt qua\n    expect(priceBefore).to.not.equal(currentPrice);\n}",
          "err": {},
          "uuid": "27fd5909-54a0-443b-930a-35726ade5f4c",
          "parentUUID": "d32587fe-5b46-4f9a-baf2-7046a4c489bd",
          "isHook": false,
          "skipped": true
        },
        {
          "title": "5. Thay đổi số lượng bằng nhập trực tiếp 99999999999999",
          "fullTitle": "5. Thay đổi số lượng bằng nhập trực tiếp 99999999999999",
          "timedOut": false,
          "duration": 0,
          "state": null,
          "speed": null,
          "pass": false,
          "fail": false,
          "pending": false,
          "context": null,
          "code": "const priceBefore = await getPrice(driver);\nconst { currentPrice } = await testQuantityInput(driver, '99999999999999', priceBefore, 2000);\nexpect(priceBefore).to.not.equal(\n    currentPrice,\n    'Hệ thống không cập nhật giá trị hoặc xử lý sai khi nhập số lượng siêu lớn (99999999999999). Lỗi bảo mật/logic hệ thống.'\n);",
          "err": {},
          "uuid": "57bac532-4cc9-4167-8ba4-d1ef238b4be9",
          "parentUUID": "d32587fe-5b46-4f9a-baf2-7046a4c489bd",
          "isHook": false,
          "skipped": true
        },
        {
          "title": "1. Thay đổi số lượng tất cả sản phẩm thành 10",
          "fullTitle": "1. Thay đổi số lượng tất cả sản phẩm thành 10",
          "timedOut": false,
          "duration": 0,
          "state": null,
          "speed": null,
          "pass": false,
          "fail": false,
          "pending": false,
          "context": null,
          "code": "// Bước 1: Click \"Chọn tất cả\"\nconst selectAllXPath = \"//input[contains(@id, '-undefined')] | //label[contains(., 'Chọn tất cả')] | //span[contains(text(), 'Chọn tất cả')]\";\ntry {\n    const selectAllEl = await driver.wait(until.elementLocated(By.xpath(selectAllXPath)), 5000);\n    await driver.executeScript('arguments[0].scrollIntoView({ block: \"center\" });', selectAllEl);\n    await driver.executeScript('arguments[0].click();', selectAllEl);\n    await driver.sleep(1000);\n    console.log('Đã click \"Chọn tất cả\"');\n} catch (e) {\n    console.log('[WARN] Không tìm thấy nút \"Chọn tất cả\": ' + e.message);\n}\n// Bước 2: Lấy tất cả input số lượng trong giỏ hàng\nawait driver.sleep(500);\nconst inputs = await driver.findElements(By.xpath(quantityInputXPath));\nconst visibleInputs = [];\nfor (let input of inputs) {\n    try { if (await input.isDisplayed()) visibleInputs.push(input); } catch (e) { }\n}\nexpect(visibleInputs.length).to.be.at.least(1, 'Không tìm thấy sản phẩm nào trong giỏ hàng');\nconsole.log(`Tìm thấy ${visibleInputs.length} sản phẩm trong giỏ hàng`);\n// Bước 3: Cập nhật số lượng từng sản phẩm một\nfor (let i = 0; i < visibleInputs.length; i++) {\n    const priceBefore = await getPrice(driver);\n    const accepted = await setQuantityOnInput(driver, visibleInputs[i], targetQty);\n    await waitForPriceChange(driver, priceBefore, 15000);\n    console.log(`Sản phẩm ${i + 1}: đặt ${targetQty} -> UI ghi nhận ${accepted}`);\n    if (accepted !== String(targetQty)) {\n        console.log(`  [WARN] Sản phẩm ${i + 1} không nhận đúng giá trị (có thể bị giới hạn tồn kho)`);\n    }\n}\n// Xác nhận giá đã thay đổi\nconst finalPrice = await getPrice(driver);\nexpect(finalPrice).to.not.equal('0đ', 'Giỏ hàng không hiển thị giá sau khi thay đổi số lượng');",
          "err": {},
          "uuid": "4df57501-5ed9-467f-a140-47a35c5bfa98",
          "parentUUID": "d32587fe-5b46-4f9a-baf2-7046a4c489bd",
          "isHook": false,
          "skipped": true
        },
        {
          "title": "2. Về trang chủ rồi quay lại giỏ hàng",
          "fullTitle": "2. Về trang chủ rồi quay lại giỏ hàng",
          "timedOut": false,
          "duration": 0,
          "state": null,
          "speed": null,
          "pass": false,
          "fail": false,
          "pending": false,
          "context": null,
          "code": "await driver.get('https://fptshop.com.vn');\nawait driver.wait(until.elementLocated(By.tagName('body')), 10000);\nawait driver.sleep(2000);\nconst homeUrl = await driver.getCurrentUrl();\nexpect(homeUrl).to.include('fptshop.com.vn', 'Không điều hướng được về trang chủ');\nconsole.log(`Đã về trang chủ: ${homeUrl}`);\nawait driver.get('https://fptshop.com.vn/gio-hang');\nawait driver.wait(until.urlContains('gio-hang'), 10000);\nawait driver.sleep(2000);\nconst cartUrl = await driver.getCurrentUrl();\nexpect(cartUrl).to.include('gio-hang', 'Không điều hướng được vào giỏ hàng');\nconsole.log(`Đã quay lại giỏ hàng: ${cartUrl}`);",
          "err": {},
          "uuid": "4827866b-06a4-4354-9465-ae951d6f53d1",
          "parentUUID": "d32587fe-5b46-4f9a-baf2-7046a4c489bd",
          "isHook": false,
          "skipped": true
        },
        {
          "title": "3. Kiểm tra số lượng sản phẩm đã được lưu là 10",
          "fullTitle": "3. Kiểm tra số lượng sản phẩm đã được lưu là 10",
          "timedOut": false,
          "duration": 0,
          "state": null,
          "speed": null,
          "pass": false,
          "fail": false,
          "pending": false,
          "context": null,
          "code": "await driver.wait(until.elementLocated(By.xpath(quantityInputXPath)), 15000, 'Giỏ hàng không hiển thị sản phẩm sau khi reload');\nawait driver.sleep(1000);\nconst inputs = await driver.findElements(By.xpath(quantityInputXPath));\nconst visibleInputs = [];\nfor (let input of inputs) {\n    try { if (await input.isDisplayed()) visibleInputs.push(input); } catch (e) { }\n}\nexpect(visibleInputs.length).to.be.at.least(1, 'Giỏ hàng trống sau khi quay lại - dữ liệu không được lưu');\nlet savedCount = 0;\nlet notSavedList = [];\nfor (let i = 0; i < visibleInputs.length; i++) {\n    const actualVal = parseInt(await visibleInputs[i].getAttribute('value'));\n    console.log(`Sản phẩm ${i + 1}: Giá trị lưu = ${actualVal}, Mong đợi = ${targetQty}`);\n    if (actualVal === targetQty) {\n        savedCount++;\n    } else {\n        notSavedList.push(`Sản phẩm ${i + 1}: lưu ${actualVal}, mong đợi ${targetQty}`);\n    }\n}\nif (notSavedList.length > 0) {\n    expect.fail(\n        `Giỏ hàng KHÔNG lưu đúng số lượng sau khi điều hướng đi và quay lại:\\n` +\n        notSavedList.join('\\n') +\n        `\\n(${savedCount}/${visibleInputs.length} sản phẩm được lưu đúng)`\n    );\n} else {\n    console.log(`✓ Tất cả ${visibleInputs.length} sản phẩm đều lưu đúng số lượng ${targetQty}`);\n}",
          "err": {},
          "uuid": "c8b24fe6-9a71-46e8-8e2c-3cb0f966e9d8",
          "parentUUID": "d32587fe-5b46-4f9a-baf2-7046a4c489bd",
          "isHook": false,
          "skipped": true
        },
        {
          "title": "1. Thay đổi số lượng tất cả sản phẩm thành 1.000",
          "fullTitle": "1. Thay đổi số lượng tất cả sản phẩm thành 1.000",
          "timedOut": false,
          "duration": 0,
          "state": null,
          "speed": null,
          "pass": false,
          "fail": false,
          "pending": false,
          "context": null,
          "code": "// Bước 1: Click \"Chọn tất cả\"\nconst selectAllXPath = \"//input[contains(@id, '-undefined')] | //label[contains(., 'Chọn tất cả')] | //span[contains(text(), 'Chọn tất cả')]\";\ntry {\n    const selectAllEl = await driver.wait(until.elementLocated(By.xpath(selectAllXPath)), 5000);\n    await driver.executeScript('arguments[0].scrollIntoView({ block: \"center\" });', selectAllEl);\n    await driver.executeScript('arguments[0].click();', selectAllEl);\n    await driver.sleep(1000);\n    console.log('Đã click \"Chọn tất cả\"');\n} catch (e) {\n    console.log('[WARN] Không tìm thấy nút \"Chọn tất cả\": ' + e.message);\n}\n// Bước 2: Lấy tất cả input số lượng trong giỏ hàng\nawait driver.sleep(500);\nconst inputs = await driver.findElements(By.xpath(quantityInputXPath));\nconst visibleInputs = [];\nfor (let input of inputs) {\n    try { if (await input.isDisplayed()) visibleInputs.push(input); } catch (e) { }\n}\nexpect(visibleInputs.length).to.be.at.least(1, 'Không tìm thấy sản phẩm nào trong giỏ hàng');\nconsole.log(`Tìm thấy ${visibleInputs.length} sản phẩm trong giỏ hàng`);\n// Bước 3: Cập nhật số lượng từng sản phẩm một\nfor (let i = 0; i < visibleInputs.length; i++) {\n    const priceBefore = await getPrice(driver);\n    const accepted = await setQuantityOnInput(driver, visibleInputs[i], targetQty);\n    await waitForPriceChange(driver, priceBefore, 15000);\n    console.log(`Sản phẩm ${i + 1}: đặt ${targetQty} -> UI ghi nhận ${accepted}`);\n    if (accepted !== String(targetQty)) {\n        console.log(`  [WARN] Sản phẩm ${i + 1} không nhận đúng giá trị (có thể bị giới hạn tồn kho)`);\n    }\n}\n// Xác nhận giá đã thay đổi\nconst finalPrice = await getPrice(driver);\nexpect(finalPrice).to.not.equal('0đ', 'Giỏ hàng không hiển thị giá sau khi thay đổi số lượng');",
          "err": {},
          "uuid": "efea8c65-41cf-483a-b738-a39a27236ef6",
          "parentUUID": "d32587fe-5b46-4f9a-baf2-7046a4c489bd",
          "isHook": false,
          "skipped": true
        },
        {
          "title": "2. Về trang chủ rồi quay lại giỏ hàng",
          "fullTitle": "2. Về trang chủ rồi quay lại giỏ hàng",
          "timedOut": false,
          "duration": 0,
          "state": null,
          "speed": null,
          "pass": false,
          "fail": false,
          "pending": false,
          "context": null,
          "code": "await driver.get('https://fptshop.com.vn');\nawait driver.wait(until.elementLocated(By.tagName('body')), 10000);\nawait driver.sleep(2000);\nconst homeUrl = await driver.getCurrentUrl();\nexpect(homeUrl).to.include('fptshop.com.vn', 'Không điều hướng được về trang chủ');\nconsole.log(`Đã về trang chủ: ${homeUrl}`);\nawait driver.get('https://fptshop.com.vn/gio-hang');\nawait driver.wait(until.urlContains('gio-hang'), 10000);\nawait driver.sleep(2000);\nconst cartUrl = await driver.getCurrentUrl();\nexpect(cartUrl).to.include('gio-hang', 'Không điều hướng được vào giỏ hàng');\nconsole.log(`Đã quay lại giỏ hàng: ${cartUrl}`);",
          "err": {},
          "uuid": "ed8886ad-7f94-4555-8624-ef9934049ced",
          "parentUUID": "d32587fe-5b46-4f9a-baf2-7046a4c489bd",
          "isHook": false,
          "skipped": true
        },
        {
          "title": "3. Kiểm tra số lượng sản phẩm đã được lưu là 1.000",
          "fullTitle": "3. Kiểm tra số lượng sản phẩm đã được lưu là 1.000",
          "timedOut": false,
          "duration": 0,
          "state": null,
          "speed": null,
          "pass": false,
          "fail": false,
          "pending": false,
          "context": null,
          "code": "await driver.wait(until.elementLocated(By.xpath(quantityInputXPath)), 15000, 'Giỏ hàng không hiển thị sản phẩm sau khi reload');\nawait driver.sleep(1000);\nconst inputs = await driver.findElements(By.xpath(quantityInputXPath));\nconst visibleInputs = [];\nfor (let input of inputs) {\n    try { if (await input.isDisplayed()) visibleInputs.push(input); } catch (e) { }\n}\nexpect(visibleInputs.length).to.be.at.least(1, 'Giỏ hàng trống sau khi quay lại - dữ liệu không được lưu');\nlet savedCount = 0;\nlet notSavedList = [];\nfor (let i = 0; i < visibleInputs.length; i++) {\n    const actualVal = parseInt(await visibleInputs[i].getAttribute('value'));\n    console.log(`Sản phẩm ${i + 1}: Giá trị lưu = ${actualVal}, Mong đợi = ${targetQty}`);\n    if (actualVal === targetQty) {\n        savedCount++;\n    } else {\n        notSavedList.push(`Sản phẩm ${i + 1}: lưu ${actualVal}, mong đợi ${targetQty}`);\n    }\n}\nif (notSavedList.length > 0) {\n    expect.fail(\n        `Giỏ hàng KHÔNG lưu đúng số lượng sau khi điều hướng đi và quay lại:\\n` +\n        notSavedList.join('\\n') +\n        `\\n(${savedCount}/${visibleInputs.length} sản phẩm được lưu đúng)`\n    );\n} else {\n    console.log(`✓ Tất cả ${visibleInputs.length} sản phẩm đều lưu đúng số lượng ${targetQty}`);\n}",
          "err": {},
          "uuid": "6414eae9-9c30-40a5-8539-cf0d636188cc",
          "parentUUID": "d32587fe-5b46-4f9a-baf2-7046a4c489bd",
          "isHook": false,
          "skipped": true
        },
        {
          "title": "1. Thay đổi số lượng tất cả sản phẩm thành 100.000",
          "fullTitle": "1. Thay đổi số lượng tất cả sản phẩm thành 100.000",
          "timedOut": false,
          "duration": 0,
          "state": null,
          "speed": null,
          "pass": false,
          "fail": false,
          "pending": false,
          "context": null,
          "code": "// Bước 1: Click \"Chọn tất cả\"\nconst selectAllXPath = \"//input[contains(@id, '-undefined')] | //label[contains(., 'Chọn tất cả')] | //span[contains(text(), 'Chọn tất cả')]\";\ntry {\n    const selectAllEl = await driver.wait(until.elementLocated(By.xpath(selectAllXPath)), 5000);\n    await driver.executeScript('arguments[0].scrollIntoView({ block: \"center\" });', selectAllEl);\n    await driver.executeScript('arguments[0].click();', selectAllEl);\n    await driver.sleep(1000);\n    console.log('Đã click \"Chọn tất cả\"');\n} catch (e) {\n    console.log('[WARN] Không tìm thấy nút \"Chọn tất cả\": ' + e.message);\n}\n// Bước 2: Lấy tất cả input số lượng trong giỏ hàng\nawait driver.sleep(500);\nconst inputs = await driver.findElements(By.xpath(quantityInputXPath));\nconst visibleInputs = [];\nfor (let input of inputs) {\n    try { if (await input.isDisplayed()) visibleInputs.push(input); } catch (e) { }\n}\nexpect(visibleInputs.length).to.be.at.least(1, 'Không tìm thấy sản phẩm nào trong giỏ hàng');\nconsole.log(`Tìm thấy ${visibleInputs.length} sản phẩm trong giỏ hàng`);\n// Bước 3: Cập nhật số lượng từng sản phẩm một\nfor (let i = 0; i < visibleInputs.length; i++) {\n    const priceBefore = await getPrice(driver);\n    const accepted = await setQuantityOnInput(driver, visibleInputs[i], targetQty);\n    await waitForPriceChange(driver, priceBefore, 15000);\n    console.log(`Sản phẩm ${i + 1}: đặt ${targetQty} -> UI ghi nhận ${accepted}`);\n    if (accepted !== String(targetQty)) {\n        console.log(`  [WARN] Sản phẩm ${i + 1} không nhận đúng giá trị (có thể bị giới hạn tồn kho)`);\n    }\n}\n// Xác nhận giá đã thay đổi\nconst finalPrice = await getPrice(driver);\nexpect(finalPrice).to.not.equal('0đ', 'Giỏ hàng không hiển thị giá sau khi thay đổi số lượng');",
          "err": {},
          "uuid": "9fb0539c-4240-4868-baa3-30a63b2377a3",
          "parentUUID": "d32587fe-5b46-4f9a-baf2-7046a4c489bd",
          "isHook": false,
          "skipped": true
        },
        {
          "title": "2. Về trang chủ rồi quay lại giỏ hàng",
          "fullTitle": "2. Về trang chủ rồi quay lại giỏ hàng",
          "timedOut": false,
          "duration": 0,
          "state": null,
          "speed": null,
          "pass": false,
          "fail": false,
          "pending": false,
          "context": null,
          "code": "await driver.get('https://fptshop.com.vn');\nawait driver.wait(until.elementLocated(By.tagName('body')), 10000);\nawait driver.sleep(2000);\nconst homeUrl = await driver.getCurrentUrl();\nexpect(homeUrl).to.include('fptshop.com.vn', 'Không điều hướng được về trang chủ');\nconsole.log(`Đã về trang chủ: ${homeUrl}`);\nawait driver.get('https://fptshop.com.vn/gio-hang');\nawait driver.wait(until.urlContains('gio-hang'), 10000);\nawait driver.sleep(2000);\nconst cartUrl = await driver.getCurrentUrl();\nexpect(cartUrl).to.include('gio-hang', 'Không điều hướng được vào giỏ hàng');\nconsole.log(`Đã quay lại giỏ hàng: ${cartUrl}`);",
          "err": {},
          "uuid": "fb58338b-78b5-4d81-a502-e79b007cab22",
          "parentUUID": "d32587fe-5b46-4f9a-baf2-7046a4c489bd",
          "isHook": false,
          "skipped": true
        },
        {
          "title": "3. Kiểm tra số lượng sản phẩm đã được lưu là 100.000",
          "fullTitle": "3. Kiểm tra số lượng sản phẩm đã được lưu là 100.000",
          "timedOut": false,
          "duration": 0,
          "state": null,
          "speed": null,
          "pass": false,
          "fail": false,
          "pending": false,
          "context": null,
          "code": "await driver.wait(until.elementLocated(By.xpath(quantityInputXPath)), 15000, 'Giỏ hàng không hiển thị sản phẩm sau khi reload');\nawait driver.sleep(1000);\nconst inputs = await driver.findElements(By.xpath(quantityInputXPath));\nconst visibleInputs = [];\nfor (let input of inputs) {\n    try { if (await input.isDisplayed()) visibleInputs.push(input); } catch (e) { }\n}\nexpect(visibleInputs.length).to.be.at.least(1, 'Giỏ hàng trống sau khi quay lại - dữ liệu không được lưu');\nlet savedCount = 0;\nlet notSavedList = [];\nfor (let i = 0; i < visibleInputs.length; i++) {\n    const actualVal = parseInt(await visibleInputs[i].getAttribute('value'));\n    console.log(`Sản phẩm ${i + 1}: Giá trị lưu = ${actualVal}, Mong đợi = ${targetQty}`);\n    if (actualVal === targetQty) {\n        savedCount++;\n    } else {\n        notSavedList.push(`Sản phẩm ${i + 1}: lưu ${actualVal}, mong đợi ${targetQty}`);\n    }\n}\nif (notSavedList.length > 0) {\n    expect.fail(\n        `Giỏ hàng KHÔNG lưu đúng số lượng sau khi điều hướng đi và quay lại:\\n` +\n        notSavedList.join('\\n') +\n        `\\n(${savedCount}/${visibleInputs.length} sản phẩm được lưu đúng)`\n    );\n} else {\n    console.log(`✓ Tất cả ${visibleInputs.length} sản phẩm đều lưu đúng số lượng ${targetQty}`);\n}",
          "err": {},
          "uuid": "e62f93aa-7ecd-4913-81dd-a8c3ddaab6a6",
          "parentUUID": "d32587fe-5b46-4f9a-baf2-7046a4c489bd",
          "isHook": false,
          "skipped": true
        },
        {
          "title": "1. Bấm vào giỏ hàng và xác nhận có sản phẩm",
          "fullTitle": "1. Bấm vào giỏ hàng và xác nhận có sản phẩm",
          "timedOut": false,
          "duration": 0,
          "state": null,
          "speed": null,
          "pass": false,
          "fail": false,
          "pending": false,
          "context": null,
          "code": "const url = await driver.getCurrentUrl();\nexpect(url).to.include('gio-hang', 'Không ở trang giỏ hàng');\nexpect(priceBefore).to.not.equal('0đ', 'Giỏ hàng trống hoặc không hiển thị giá');\nconsole.log(`Giỏ hàng hợp lệ, giá hiện tại: ${priceBefore}`);",
          "err": {},
          "uuid": "f7aab5a7-79fb-4df6-b3c5-12e131bbfdc6",
          "parentUUID": "d32587fe-5b46-4f9a-baf2-7046a4c489bd",
          "isHook": false,
          "skipped": true
        },
        {
          "title": "2. Chọn dịch vụ đi kèm (gói bảo hành / combo) và kiểm tra giá thay đổi",
          "fullTitle": "2. Chọn dịch vụ đi kèm (gói bảo hành / combo) và kiểm tra giá thay đổi",
          "timedOut": false,
          "duration": 0,
          "state": null,
          "speed": null,
          "pass": false,
          "fail": false,
          "pending": false,
          "context": null,
          "code": "// Dịch vụ đi kèm trong FPTShop dùng input[type='radio'] với dynamic ID \"-undefined\"\nconst serviceXPaths = [\n    \"(//input[contains(@id, '-undefined') and @type='radio'])[1]\",\n    '/html/body/main/section/div[2]/div/div[1]/div/div[2]/div[2]/div[3]/div[2]/div[1]/div/input',\n    '/html/body/main/section/div[2]/div/div[1]/div/div[2]/div[2]/div[2]/div[4]/div[1]/div/input',\n];\nlet serviceEl = null;\nfor (const xp of serviceXPaths) {\n    try {\n        serviceEl = await driver.wait(until.elementLocated(By.xpath(xp)), 4000);\n        console.log(`Tìm thấy dịch vụ: ${xp.slice(0, 60)}...`);\n        break;\n    } catch (e) {}\n}\nexpect(serviceEl).to.not.equal(null, 'Không tìm thấy dịch vụ đi kèm trong giỏ hàng');\nawait driver.executeScript('arguments[0].scrollIntoView({ block: \"center\" });', serviceEl);\nawait driver.sleep(500);\n// Dùng native Selenium click + dispatch React events để toggle radio\nawait serviceEl.click();\nawait driver.executeScript(`\n    const input = arguments[0];\n    input.dispatchEvent(new MouseEvent('mousedown', { bubbles: true }));\n    input.dispatchEvent(new MouseEvent('mouseup',  { bubbles: true }));\n    input.dispatchEvent(new MouseEvent('click',    { bubbles: true }));\n    input.dispatchEvent(new Event('change', { bubbles: true }));\n`, serviceEl);\nconsole.log('Đã click và dispatch events cho dịch vụ đi kèm');\nawait driver.sleep(1500);\n// Giá phải thay đổi sau khi chọn dịch vụ\npriceAfter = await waitForPriceChange(driver, priceBefore, 10000);\nconsole.log(`Giá trước: ${priceBefore} | Giá sau khi chọn dịch vụ: ${priceAfter}`);\nexpect(priceAfter).to.not.equal(priceBefore, 'Giá đơn hàng không thay đổi sau khi chọn dịch vụ đi kèm');",
          "err": {},
          "uuid": "d2340ea4-82a8-4e69-b517-23d93d66453d",
          "parentUUID": "d32587fe-5b46-4f9a-baf2-7046a4c489bd",
          "isHook": false,
          "skipped": true
        },
        {
          "title": "1. Đặt hàng bằng QR code và xác nhận cổng thanh toán xuất hiện",
          "fullTitle": "1. Đặt hàng bằng QR code và xác nhận cổng thanh toán xuất hiện",
          "timedOut": false,
          "duration": 0,
          "state": null,
          "speed": null,
          "pass": false,
          "fail": false,
          "pending": false,
          "context": null,
[...]
              "err": {},
              "uuid": "90b3a55d-0949-4513-bb7b-ace00bed490b",
              "parentUUID": null,
              "isHook": true,
              "skipped": false
            }
          ],
          "tests": [
            {
              "title": "TC006 - Hover vào \"Danh mục\", xác minh có chữ \"Điện thoại\"",
              "fullTitle": "TC006: Xác minh danh mục sản phẩm hiển thị đầy đủ TC006 - Hover vào \"Danh mục\", xác minh có chữ \"Điện thoại\"",
              "timedOut": false,
              "duration": 0,
              "state": null,
              "speed": null,
              "pass": false,
              "fail": false,
              "pending": false,
              "context": null,
              "code": "await driver.get(data.shared.url);\nawait closeBanner(driver);\nawait closeCookieBanner(driver);\nconst danhMucBtn = await driver.wait(\n    until.elementLocated(By.xpath(`//button[@aria-label='${data.module3.danhMucAriaLabel}']`)),\n    10000\n);\nconst actions = driver.actions({ async: true });\nawait actions.move({ origin: danhMucBtn }).perform();\nconst danhMucItem = await driver.wait(\n    until.elementLocated(By.xpath(`//a[@href='${data.module3.danhMucHref}']`)),\n    10000\n);\nawait driver.wait(until.elementIsVisible(danhMucItem), 5000);\nawait driver.executeScript(\"arguments[0].style.border='3px solid red'\", danhMucItem);\nconst bodyText = await driver.findElement(By.css('body')).getText();\nassert.ok(bodyText.includes(data.module3.danhMucText), `Text \"${data.module3.danhMucText}\" không xuất hiện trong danh mục.`);\nlet filename = await takeScreenshot(driver, 'TC006');\naddContext(this, \"../../\" + filename);",
              "err": {},
              "uuid": "40c762ce-76b9-4e60-9c3b-9c336e0769c4",
              "parentUUID": null,
              "isHook": false,
              "skipped": true
            }
          ],
          "suites": [],
          "passes": [],
          "failures": [],
          "pending": [],
          "skipped": [
            "40c762ce-76b9-4e60-9c3b-9c336e0769c4"
          ],
          "duration": 0,
          "root": false,
          "rootEmpty": false,
          "_timeout": 60000
        },
        {
          "uuid": "14470e93-b029-4862-9925-aefa081993d1",
          "title": "TC007: Kiểm tra lọc sản phẩm theo danh mục",
          "fullFile": "C:\\code\\SoftwareTesting\\tests\\Module 3\\tc07_loc_danh_muc.test.js",
          "file": "\\tests\\Module 3\\tc07_loc_danh_muc.test.js",
          "beforeHooks": [
            {
              "title": "\"before all\" hook",
              "fullTitle": "TC007: Kiểm tra lọc sản phẩm theo danh mục \"before all\" hook",
              "timedOut": false,
              "duration": 0,
              "state": null,
              "speed": null,
              "pass": false,
              "fail": false,
              "pending": false,
              "context": null,
              "code": "driver = await new Builder().forBrowser('chrome').build();\nawait driver.manage().window().maximize();",
              "err": {},
              "uuid": "5ac67e02-a4c3-4792-8775-b098aaec5401",
              "parentUUID": null,
              "isHook": true,
              "skipped": false
            }
          ],
          "afterHooks": [
            {
              "title": "\"after all\" hook",
              "fullTitle": "TC007: Kiểm tra lọc sản phẩm theo danh mục \"after all\" hook",
              "timedOut": false,
              "duration": 0,
              "state": null,
              "speed": null,
              "pass": false,
              "fail": false,
              "pending": false,
              "context": null,
              "code": "if (driver) await driver.quit();",
              "err": {},
              "uuid": "f2a29dba-c887-4aa1-be89-a9c3edc09a5e",
              "parentUUID": null,
              "isHook": true,
              "skipped": false
            }
          ],
          "tests": [
            {
              "title": "TC007 - Hover vào \"Danh mục\" rồi click \"Điện thoại\"",
              "fullTitle": "TC007: Kiểm tra lọc sản phẩm theo danh mục TC007 - Hover vào \"Danh mục\" rồi click \"Điện thoại\"",
              "timedOut": false,
              "duration": 0,
              "state": null,
              "speed": null,
              "pass": false,
              "fail": false,
              "pending": false,
              "context": null,
              "code": "await driver.get(data.shared.url);\nawait closeBanner(driver);\nawait closeCookieBanner(driver);\n// Hover vào nút Danh mục\nconst danhMucBtn = await driver.wait(\n    until.elementLocated(By.xpath(`//button[@aria-label='${data.module3.danhMucAriaLabel}']`)),\n    10000\n);\nawait driver.actions({ async: true }).move({ origin: danhMucBtn }).perform();\n// Click vào item Điện thoại trong dropdown\nconst danhMucItem = await driver.wait(\n    until.elementLocated(By.xpath(`//a[@href='${data.module3.danhMucHref}']`)),\n    10000\n);\nawait driver.executeScript(\"arguments[0].style.border='3px solid red'\", danhMucItem);\nawait danhMucItem.click();\n// Xác minh đã vào đúng trang Điện thoại\nawait driver.wait(until.urlIs(data.shared.urlDienThoai), 10000);\nconst bodyText = await driver.findElement(By.css('body')).getText();\nassert.ok(bodyText.includes(data.module3.danhMucText), `Trang danh mục \"${data.module3.danhMucText}\" không hiển thị.`);\nconst filename = await takeScreenshot(driver, 'TC007');\naddContext(this, '../../' + filename);",
              "err": {},
              "uuid": "3c7b440a-68f8-43c9-9121-2481781766ac",
              "parentUUID": null,
              "isHook": false,
              "skipped": true
            }
          ],
          "suites": [],
          "passes": [],
          "failures": [],
          "pending": [],
          "skipped": [
            "3c7b440a-68f8-43c9-9121-2481781766ac"
          ],
          "duration": 0,
          "root": false,
          "rootEmpty": false,
          "_timeout": 60000
        },
        {
          "uuid": "25747165-9a3f-43ca-83c4-e3f886cd384c",
          "title": "TC008: Kiểm tra lọc theo hãng sản xuất",
          "fullFile": "C:\\code\\SoftwareTesting\\tests\\Module 3\\tc08_loc_hang_san_xuat.test.js",
          "file": "\\tests\\Module 3\\tc08_loc_hang_san_xuat.test.js",
          "beforeHooks": [
            {
              "title": "\"before all\" hook",
              "fullTitle": "TC008: Kiểm tra lọc theo hãng sản xuất \"before all\" hook",
              "timedOut": false,
              "duration": 0,
              "state": null,
              "speed": null,
              "pass": false,
              "fail": false,
              "pending": false,
              "context": null,
              "code": "driver = await new Builder().forBrowser('chrome').build();\nawait driver.manage().window().maximize();",
              "err": {},
              "uuid": "1603c371-f037-4d57-a182-de9ae900e6c1",
              "parentUUID": null,
              "isHook": true,
              "skipped": false
            }
          ],
          "afterHooks": [
            {
              "title": "\"after all\" hook",
              "fullTitle": "TC008: Kiểm tra lọc theo hãng sản xuất \"after all\" hook",
              "timedOut": false,
              "duration": 0,
              "state": null,
              "speed": null,
              "pass": false,
              "fail": false,
              "pending": false,
              "context": null,
              "code": "if (driver) await driver.quit();",
              "err": {},
              "uuid": "e42e7179-e1fb-4334-a976-9b60401b058c",
              "parentUUID": null,
              "isHook": true,
              "skipped": false
            }
          ],
          "tests": [
            {
              "title": "TC008 - Ấn chọn logo hãng \"OPPO\"",
              "fullTitle": "TC008: Kiểm tra lọc theo hãng sản xuất TC008 - Ấn chọn logo hãng \"OPPO\"",
              "timedOut": false,
              "duration": 0,
              "state": null,
              "speed": null,
              "pass": false,
              "fail": false,
              "pending": false,
              "context": null,
              "code": "await driver.get(data.shared.urlDienThoai);\nawait closeBanner(driver);\nawait closeCookieBanner(driver);\nconst brandLogo = await driver.wait(\n    until.elementLocated(By.xpath(`//img[@alt='${data.module3.brandName}']`)),\n    10000\n);\nawait driver.executeScript(\"arguments[0].scrollIntoView({ block: 'center' });\", brandLogo);\nawait driver.executeScript(\"arguments[0].style.border='3px solid red'\", brandLogo);\nawait driver.executeScript(\"arguments[0].click();\", brandLogo);\nawait driver.wait(until.elementLocated(By.xpath(\"//h3\")), 10000);\nconst bodyText = await driver.findElement(By.css('body')).getText();\nassert.ok(bodyText.includes(data.module3.brandName), `Sản phẩm ${data.module3.brandName} không hiển thị sau khi lọc.`);\nlet filename = await takeScreenshot(driver, 'TC008');\naddContext(this, \"../../\" + filename);",
              "err": {},
              "uuid": "247a2502-64cf-4662-b71d-db14cd079ed3",
              "parentUUID": null,
              "isHook": false,
              "skipped": true
            }
          ],
          "suites": [],
          "passes": [],
          "failures": [],
          "pending": [],
          "skipped": [
            "247a2502-64cf-4662-b71d-db14cd079ed3"
          ],
          "duration": 0,
          "root": false,
          "rootEmpty": false,
          "_timeout": 60000
        },
        {
          "uuid": "d72ccbc6-7b16-4386-8378-f54ea7df859c",
          "title": "TC009: Kiểm tra lọc đa điều kiện",
          "fullFile": "C:\\code\\SoftwareTesting\\tests\\Module 3\\tc09_loc_da_dieu_kien.test.js",
          "file": "\\tests\\Module 3\\tc09_loc_da_dieu_kien.test.js",
          "beforeHooks": [
            {
              "title": "\"before all\" hook",
              "fullTitle": "TC009: Kiểm tra lọc đa điều kiện \"before all\" hook",
              "timedOut": false,
              "duration": 0,
              "state": null,
              "speed": null,
              "pass": false,
              "fail": false,
              "pending": false,
              "context": null,
              "code": "driver = await new Builder().forBrowser('chrome').build();\nawait driver.manage().window().maximize();",
              "err": {},
              "uuid": "68da3c84-c10e-40c7-bc51-55c434141db8",
              "parentUUID": null,
              "isHook": true,
              "skipped": false
            }
          ],
          "afterHooks": [
            {
              "title": "\"after all\" hook",
              "fullTitle": "TC009: Kiểm tra lọc đa điều kiện \"after all\" hook",
              "timedOut": false,
              "duration": 0,
              "state": null,
              "speed": null,
              "pass": false,
              "fail": false,
              "pending": false,
              "context": null,
              "code": "if (driver) await driver.quit();",
              "err": {},
              "uuid": "7b9967ea-ef87-42e3-b8a5-73e7e51fdb11",
              "parentUUID": null,
              "isHook": true,
              "skipped": false
            }
          ],
          "tests": [
            {
              "title": "TC009 - Chọn Pin trâu: trên 5500 mAh, RAM 12 GB, Hỗ trợ mạng 5G",
              "fullTitle": "TC009: Kiểm tra lọc đa điều kiện TC009 - Chọn Pin trâu: trên 5500 mAh, RAM 12 GB, Hỗ trợ mạng 5G",
              "timedOut": false,
              "duration": 0,
              "state": null,
              "speed": null,
              "pass": false,
              "fail": false,
              "pending": false,
              "context": null,
              "code": "await driver.get(data.shared.urlDienThoai);\nawait closeBanner(driver);\nawait closeCookieBanner(driver);\nconst pinCheckbox = await driver.wait(\n    until.elementLocated(By.xpath(`//label[contains(@for, '${data.module3.filterPin}')]`)),\n    10000\n);\nawait driver.executeScript(\"arguments[0].scrollIntoView({ block: 'center' });\", pinCheckbox);\nawait driver.executeScript(\"arguments[0].click();\", pinCheckbox);\nawait driver.sleep(1500);\nconst btn5G = await driver.wait(\n    until.elementLocated(By.xpath(`//button[contains(text(),'${data.module3.filter5G}')]`)),\n    10000\n);\nawait driver.executeScript(\"arguments[0].scrollIntoView({ block: 'center' });\", btn5G);\nawait driver.executeScript(\"arguments[0].click();\", btn5G);\nawait driver.sleep(1500);\nconst ramBtn = await driver.wait(\n    until.elementLocated(By.xpath(`//button[normalize-space()='${data.module3.filterRam}']`)),\n    10000\n);\nawait driver.executeScript(\"arguments[0].scrollIntoView({ block: 'center' });\", ramBtn);\nawait driver.executeScript(\"arguments[0].click();\", ramBtn);\nawait driver.sleep(2000);\nconst bodyText = await driver.findElement(By.css('body')).getText();\nassert.ok(bodyText.includes(data.module3.filter5G), `Không hiển thị sản phẩm ${data.module3.filter5G} sau khi lọc đa điều kiện.`);\nlet filename = await takeScreenshot(driver, 'TC009');\naddContext(this, \"../../\" + filename);",
              "err": {},
              "uuid": "213e2ac4-e99e-4070-ae4a-7da9fee68629",
              "parentUUID": null,
              "isHook": false,
              "skipped": true
            }
          ],
          "suites": [],
          "passes": [],
          "failures": [],
          "pending": [],
          "skipped": [
            "213e2ac4-e99e-4070-ae4a-7da9fee68629"
          ],
          "duration": 0,
          "root": false,
          "rootEmpty": false,
          "_timeout": 120000
        },
        {
          "uuid": "528009f2-c017-405d-ac37-c72836c99180",
          "title": "TC010: Kiểm tra sắp xếp sản phẩm theo giá",
          "fullFile": "C:\\code\\SoftwareTesting\\tests\\Module 3\\tc10_sap_xep_theo_gia.test.js",
          "file": "\\tests\\Module 3\\tc10_sap_xep_theo_gia.test.js",
          "beforeHooks": [
            {
              "title": "\"before all\" hook",
              "fullTitle": "TC010: Kiểm tra sắp xếp sản phẩm theo giá \"before all\" hook",
              "timedOut": false,
              "duration": 0,
              "state": null,
              "speed": null,
              "pass": false,
              "fail": false,
              "pending": false,
              "context": null,
              "code": "driver = await new Builder().forBrowser('chrome').build();\nawait driver.manage().window().maximize();",
              "err": {},
              "uuid": "2e5162f4-48ad-470f-8d10-09252f1b9c0b",
              "parentUUID": null,
              "isHook": true,
              "skipped": false
            }
          ],
          "afterHooks": [
            {
              "title": "\"after all\" hook",
              "fullTitle": "TC010: Kiểm tra sắp xếp sản phẩm theo giá \"after all\" hook",
              "timedOut": false,
              "duration": 0,
              "state": null,
              "speed": null,
              "pass": false,
              "fail": false,
              "pending": false,
              "context": null,
              "code": "if (driver) await driver.quit();",
              "err": {},
              "uuid": "cf961c7d-3b73-4424-8ee7-47256ef00eba",
              "parentUUID": null,
              "isHook": true,
              "skipped": false
            }
          ],
          "tests": [
            {
              "title": "TC010 - Nhấn \"Giá giảm dần\" - sản phẩm hiển thị đúng thứ tự",
              "fullTitle": "TC010: Kiểm tra sắp xếp sản phẩm theo giá TC010 - Nhấn \"Giá giảm dần\" - sản phẩm hiển thị đúng thứ tự",
              "timedOut": false,
              "duration": 0,
              "state": null,
              "speed": null,
              "pass": false,
              "fail": false,
              "pending": false,
              "context": null,
              "code": "await driver.get(data.shared.urlDienThoai);\nawait closeBanner(driver);\nawait closeCookieBanner(driver);\nconst sortBtn = await driver.wait(\n    until.elementLocated(By.xpath(`//span[contains(text(),'${data.module3.sortText}')]`)),\n    10000\n);\nawait driver.executeScript(\"arguments[0].scrollIntoView({ block: 'center' });\", sortBtn);\nawait driver.executeScript(\"arguments[0].style.border='3px solid red'\", sortBtn);\nawait driver.executeScript(\"arguments[0].click();\", sortBtn);\nawait driver.wait(until.elementLocated(By.xpath(\"//h3\")), 10000);\nconst bodyText = await driver.findElement(By.css('body')).getText();\nassert.ok(bodyText.includes(data.module3.sortText), `Không hiển thị sắp xếp \"${data.module3.sortText}\".`);\nlet filename = await takeScreenshot(driver, 'TC010');\naddContext(this, \"../../\" + filename);",
              "err": {},
              "uuid": "27a9a5b0-5c5d-4c82-b05a-543b2b043bde",
              "parentUUID": null,
              "isHook": false,
              "skipped": true
            }
          ],
          "suites": [],
          "passes": [],
          "failures": [],
          "pending": [],
          "skipped": [
            "27a9a5b0-5c5d-4c82-b05a-543b2b043bde"
          ],
          "duration": 0,
          "root": false,
          "rootEmpty": false,
          "_timeout": 60000
        }
      ],
      "passes": [],
      "failures": [],
      "pending": [],
      "skipped": [
        "c591a305-8ea2-4b7f-bf6b-d71104eea3e4",
        "ff7d56fa-a8be-4aaa-818a-4050053e6535",
        "33daeaaf-ae98-401b-8e04-31a7e29d1132",
        "271b9e05-e73c-4a2d-b3c6-c509e16d0d54",
        "aa7276bc-0b00-4e84-9c0b-d47f1d56be60",
        "ad45ab09-3cd4-45ac-a07b-4edbeba104f9",
        "5b091a94-c14a-47f3-b565-ae2c9aaa9369",
        "6c062816-4996-4082-b963-cb111449fa06",
        "86d5b5fd-a6de-4fc8-957f-db0d626cac3c",
        "e52fd8f0-1835-4290-ba38-7ec682954e85",
        "20c375fe-bd96-457b-8799-0a56566745df",
        "43b5dce6-e811-4e55-b1fd-bd705d37f780",
        "0042e0b1-542f-427c-afcf-9777f1748e1d",
        "4014d130-4ba0-4dde-953b-750d0c5da2c8",
        "bff8c2c3-dd8a-4f47-b69f-7386f6679ded",
        "cd62fd05-1da7-4899-9ac1-2fd587b4177b",
        "5e9b58c9-342d-40fa-88dd-6a84380dfb0a",
        "cc5562db-a87f-4a2c-a258-5f420d75c0a6",
        "9f8811d7-e9bd-4ea6-b6b7-d6111642b139",
        "628cfb90-32ea-4699-80bd-ee3b39047813",
        "61afe4a8-1a9a-410a-b658-f75224ee5ed1",
        "dc131a29-9bb0-4dc2-bbdf-fbb43240038b",
        "5aa98b01-e9f9-43d0-a7c5-06e8bdc36ea7",
        "27fd5909-54a0-443b-930a-35726ade5f4c",
        "57bac532-4cc9-4167-8ba4-d1ef238b4be9",
        "4df57501-5ed9-467f-a140-47a35c5bfa98",
        "4827866b-06a4-4354-9465-ae951d6f53d1",
        "c8b24fe6-9a71-46e8-8e2c-3cb0f966e9d8",
        "efea8c65-41cf-483a-b738-a39a27236ef6",
        "ed8886ad-7f94-4555-8624-ef9934049ced",
        "6414eae9-9c30-40a5-8539-cf0d636188cc",
        "9fb0539c-4240-4868-baa3-30a63b2377a3",
        "fb58338b-78b5-4d81-a502-e79b007cab22",
        "e62f93aa-7ecd-4913-81dd-a8c3ddaab6a6",
        "f7aab5a7-79fb-4df6-b3c5-12e131bbfdc6",
        "d2340ea4-82a8-4e69-b517-23d93d66453d",
        "cb45dcb1-cf6c-4680-af68-678059df25ff",
        "99603459-b4be-4f77-973f-3b19df944e1b",
        "7355d33e-d09c-4198-9ef1-6b67c70eb031",
        "e9b37054-b98d-4560-a906-d4ccdb4e1430",
        "d7ae29f8-bb46-40bf-8c4b-d1c6d6dad0d0",
        "1aad9358-3ecd-471f-9421-4f2f7aada190"
      ],
      "duration": 0,
      "root": true,
      "rootEmpty": false,
      "_timeout": 2000
    }
  ],
  "meta": {
    "mocha": {
      "version": "11.7.5"
    },
    "mochawesome": {
      "options": {
        "quiet": false,
        "reportFilename": "mochawesome",
        "saveHtml": true,
        "saveJson": true,
        "consoleReporter": "spec",
        "useInlineDiffs": false,
        "code": true
      },
      "version": "7.1.4"
    },
    "marge": {
      "options": null,
      "version": "6.3.2"
    }
  }
}