{
  "stats": {
    "suites": 5,
    "tests": 5,
    "passes": 4,
    "pending": 0,
    "failures": 1,
    "start": "2026-05-04T16:39:42.944Z",
    "end": "2026-05-04T16:41:37.084Z",
    "duration": 114140,
    "testsRegistered": 5,
    "passPercent": 80,
    "pendingPercent": 0,
    "other": 0,
    "hasOther": false,
    "skipped": 0,
    "hasSkipped": false
  },
  "results": [
    {
      "uuid": "644ce1db-3f2c-4dd8-b32e-1ee35f0c3604",
      "title": "",
      "fullFile": "",
      "file": "",
      "beforeHooks": [],
      "afterHooks": [],
      "tests": [],
      "suites": [
        {
          "uuid": "3ba40d57-ba1d-4452-9f69-2c973239ea02",
          "title": "TC1: Tìm kiếm sản phẩm",
          "fullFile": "D:\\SoftwareTesting\\tests\\Module 2\\tc11_timkiem_laptop.test.js",
          "file": "\\tests\\Module 2\\tc11_timkiem_laptop.test.js",
          "beforeHooks": [
            {
              "title": "\"before each\" hook in \"TC1: Tìm kiếm sản phẩm\"",
              "fullTitle": "TC1: Tìm kiếm sản phẩm \"before each\" hook in \"TC1: Tìm kiếm sản phẩm\"",
              "timedOut": false,
              "duration": 2212,
              "state": null,
              "speed": null,
              "pass": false,
              "fail": false,
              "pending": false,
              "context": null,
              "code": "driver = await new Builder().forBrowser('chrome').build();\nawait driver.manage().window().maximize();",
              "err": {},
              "uuid": "4a8bd669-20e3-435d-aef6-7392b7251a8f",
              "parentUUID": "3ba40d57-ba1d-4452-9f69-2c973239ea02",
              "isHook": true,
              "skipped": false
            }
          ],
          "afterHooks": [
            {
              "title": "\"after each\" hook in \"TC1: Tìm kiếm sản phẩm\"",
              "fullTitle": "TC1: Tìm kiếm sản phẩm \"after each\" hook in \"TC1: Tìm kiếm sản phẩm\"",
              "timedOut": false,
              "duration": 294,
              "state": null,
              "speed": null,
              "pass": false,
              "fail": false,
              "pending": false,
              "context": null,
              "code": "if (this.currentTest.state === 'failed') {\n    const screenshotPath = await takeScreenshot(driver, this.currentTest.title);\n    addContext(this, {\n        title: 'Screenshot khi thất bại.',\n        value: `../${screenshotPath}`\n    });\n}\nif (driver) {\n    await driver.quit();\n}",
              "err": {},
              "uuid": "b4ac5ea1-525a-4507-9e26-43328e9605ca",
              "parentUUID": "3ba40d57-ba1d-4452-9f69-2c973239ea02",
              "isHook": true,
              "skipped": false
            }
          ],
          "tests": [
            {
              "title": "Tìm kiếm với từ khóa \"Laptop\" - có ít nhất 1 sản phẩm laptop",
              "fullTitle": "TC1: Tìm kiếm sản phẩm Tìm kiếm với từ khóa \"Laptop\" - có ít nhất 1 sản phẩm laptop",
              "timedOut": false,
              "duration": 20981,
              "state": "passed",
              "speed": "slow",
              "pass": true,
              "fail": false,
              "pending": false,
              "context": "{\n  \"title\": \"Kết quả: 17 sản phẩm chứa \\\"laptop\\\"\",\n  \"value\": \"../screenshots/t_m_ki_m_v_i_t__kh_a__laptop____c___t_nh_t_1_s_n_ph_m_laptop_1777912805711.png\"\n}",
              "code": "await driver.get(data.shared.url);\nawait driver.wait(until.elementLocated(By.tagName('body')), 10000);\nawait closeBanner(driver);\nawait closeCookieBanner(driver);\nawait driver.sleep(2000);\nconst result = await search(driver, data.module2.testData[0].keyword);\nexpect(result.hasProducts).to.be.true;\n\n// KIỂM TRA: Có ít nhất 1 sản phẩm chứa từ khóa \"Laptop\"\nconst keyword = data.module2.testData[0].keyword.toLowerCase();\nconst matchedProducts = result.productTexts.filter(p => \n    p.toLowerCase().includes(keyword)\n);\n\nconsole.log(`Tìm thấy ${matchedProducts.length} sản phẩm chứa \"${keyword}\":`, matchedProducts);\n\n// Phải có ít nhất 1 sản phẩm chứa từ khóa\nexpect(matchedProducts.length, `Không tìm thấy sản phẩm nào chứa \"${keyword}\"`).to.be.at.least(1);\n\nconst screenshotPath = await takeScreenshot(driver, this.test.title);\naddContext(this, {\n    title: `Kết quả: ${matchedProducts.length} sản phẩm chứa \"${keyword}\"`,\n    value: `../${screenshotPath}`\n});",
              "err": {},
              "uuid": "1744eeab-5c2e-4dbb-9377-b4bd8bfbaa1e",
              "parentUUID": "3ba40d57-ba1d-4452-9f69-2c973239ea02",
              "isHook": false,
              "skipped": false
            }
          ],
          "suites": [],
          "passes": [
            "1744eeab-5c2e-4dbb-9377-b4bd8bfbaa1e"
          ],
          "failures": [],
          "pending": [],
          "skipped": [],
          "duration": 20981,
          "root": false,
          "rootEmpty": false,
          "_timeout": 60000
        },
        {
          "uuid": "1c87115b-1148-4dcd-9d0d-5679d19e625a",
          "title": "TC2: Tìm kiếm không có kết quả",
          "fullFile": "D:\\SoftwareTesting\\tests\\Module 2\\tc12_timkiem_khong_tim_thay.test.js",
          "file": "\\tests\\Module 2\\tc12_timkiem_khong_tim_thay.test.js",
          "beforeHooks": [
            {
              "title": "\"before each\" hook in \"TC2: Tìm kiếm không có kết quả\"",
              "fullTitle": "TC2: Tìm kiếm không có kết quả \"before each\" hook in \"TC2: Tìm kiếm không có kết quả\"",
              "timedOut": false,
              "duration": 1279,
              "state": null,
              "speed": null,
              "pass": false,
              "fail": false,
              "pending": false,
              "context": null,
              "code": "driver = await new Builder().forBrowser('chrome').build();\nawait driver.manage().window().maximize();",
              "err": {},
              "uuid": "8df71b73-f9ae-4aa2-8dbc-17fe952d2768",
              "parentUUID": "1c87115b-1148-4dcd-9d0d-5679d19e625a",
              "isHook": true,
              "skipped": false
            }
          ],
          "afterHooks": [
            {
              "title": "\"after each\" hook in \"TC2: Tìm kiếm không có kết quả\"",
              "fullTitle": "TC2: Tìm kiếm không có kết quả \"after each\" hook in \"TC2: Tìm kiếm không có kết quả\"",
              "timedOut": false,
              "duration": 305,
              "state": null,
              "speed": null,
              "pass": false,
              "fail": false,
              "pending": false,
              "context": null,
              "code": "if (this.currentTest.state === 'failed') {\n    const screenshotPath = await takeScreenshot(driver, this.currentTest.title);\n    addContext(this, {\n        title: 'Screenshot khi thất bại.',\n        value: `../${screenshotPath}`\n    });\n}\nif (driver) {\n    await driver.quit();\n}",
              "err": {},
              "uuid": "ef4ad0d5-812d-4f01-8da2-76c27b08ecc2",
              "parentUUID": "1c87115b-1148-4dcd-9d0d-5679d19e625a",
              "isHook": true,
              "skipped": false
            }
          ],
          "tests": [
            {
              "title": "Tìm kiếm với từ khóa \"123123\" - hiển thị thông báo không tìm thấy",
              "fullTitle": "TC2: Tìm kiếm không có kết quả Tìm kiếm với từ khóa \"123123\" - hiển thị thông báo không tìm thấy",
              "timedOut": false,
              "duration": 16276,
              "state": "passed",
              "speed": "slow",
              "pass": true,
              "fail": false,
              "pending": false,
              "context": "{\n  \"title\": \"Thông báo: Không tìm thấy kết quả cho 123123\",\n  \"value\": \"../screenshots/t_m_ki_m_v_i_t__kh_a__123123____hi_n_th__th_ng_b_o_kh_ng_t_m_th_y_1777912823757.png\"\n}",
              "code": "await driver.get(data.shared.url);\nawait driver.wait(until.elementLocated(By.tagName('body')), 10000);\nawait closeBanner(driver);\nawait closeCookieBanner(driver);\nconst result = await search(driver, data.module2.testData[1].keyword);\nexpect(result.found).to.be.false;\nif (result.message) {\n    expect(result.message).to.include('Không tìm thấy');\n}\nconst screenshotPath = await takeScreenshot(driver, this.test.title);\naddContext(this, {\n    title: 'Thông báo: ' + (result.message || 'Không tìm thấy'),\n    value: `../${screenshotPath}`\n});",
              "err": {},
              "uuid": "6732d40c-25ef-4c66-bacc-416545bce9f1",
              "parentUUID": "1c87115b-1148-4dcd-9d0d-5679d19e625a",
              "isHook": false,
              "skipped": false
            }
          ],
          "suites": [],
          "passes": [
            "6732d40c-25ef-4c66-bacc-416545bce9f1"
          ],
          "failures": [],
          "pending": [],
          "skipped": [],
          "duration": 16276,
          "root": false,
          "rootEmpty": false,
          "_timeout": 60000
        },
        {
          "uuid": "57b693a3-9981-47d5-bf9b-f39be6ae9b6e",
          "title": "TC3: Validation tìm kiếm",
          "fullFile": "D:\\SoftwareTesting\\tests\\Module 2\\tc13_validation_tim_kiem.test.js",
          "file": "\\tests\\Module 2\\tc13_validation_tim_kiem.test.js",
          "beforeHooks": [
            {
              "title": "\"before each\" hook in \"TC3: Validation tìm kiếm\"",
              "fullTitle": "TC3: Validation tìm kiếm \"before each\" hook in \"TC3: Validation tìm kiếm\"",
              "timedOut": false,
              "duration": 1218,
              "state": null,
              "speed": null,
              "pass": false,
              "fail": false,
              "pending": false,
              "context": null,
              "code": "driver = await new Builder().forBrowser('chrome').build();\nawait driver.manage().window().maximize();",
              "err": {},
              "uuid": "f39f94e6-a441-4600-a537-a38274a92c15",
              "parentUUID": "57b693a3-9981-47d5-bf9b-f39be6ae9b6e",
              "isHook": true,
              "skipped": false
            }
          ],
          "afterHooks": [
            {
              "title": "\"after each\" hook in \"TC3: Validation tìm kiếm\"",
              "fullTitle": "TC3: Validation tìm kiếm \"after each\" hook in \"TC3: Validation tìm kiếm\"",
              "timedOut": false,
              "duration": 1688,
              "state": null,
              "speed": null,
              "pass": false,
              "fail": false,
              "pending": false,
              "context": null,
              "code": "if (this.currentTest.state === 'failed') {\n    const screenshotPath = await takeScreenshot(driver, this.currentTest.title);\n    addContext(this, {\n        title: 'Screenshot khi thất bại.',\n        value: `../${screenshotPath}`\n    });\n}\nif (driver) {\n    await driver.quit();\n}",
              "err": {},
              "uuid": "0ff1a1e0-1ab5-41ed-8a98-ed790e4e8a6b",
              "parentUUID": "57b693a3-9981-47d5-bf9b-f39be6ae9b6e",
              "isHook": true,
              "skipped": false
            }
          ],
          "tests": [
            {
              "title": "Click vào ô tìm kiếm rồi bấm nút tìm kiếm - kiểm tra thông báo validation",
              "fullTitle": "TC3: Validation tìm kiếm Click vào ô tìm kiếm rồi bấm nút tìm kiếm - kiểm tra thông báo validation",
              "timedOut": false,
              "duration": 17068,
              "state": "failed",
              "speed": null,
              "pass": false,
              "fail": true,
              "pending": false,
              "context": "{\n  \"title\": \"Screenshot khi thất bại.\",\n  \"value\": \"../screenshots/click_v_o___t_m_ki_m_r_i_b_m_n_t_t_m_ki_m___ki_m_tra_th_ng_b_o_validation_1777912842631.png\"\n}",
              "code": "await driver.get(data.shared.url);\nawait driver.wait(until.elementLocated(By.tagName('body')), 10000);\nawait closeBanner(driver);\nawait closeCookieBanner(driver);\nconst result = await search(driver, data.module2.testData[2].keyword);\nif (result.validationMessage) {\n    expect(result.validationMessage).to.match(/nhập|vui lòng|cần|tìm kiếm/i);\n} else {\n    throw new Error('BUG: Website không hiển thị thông báo \"Vui lòng nhập từ khóa\" khi bỏ trống ô tìm kiếm');\n}\nconst screenshotPath = await takeScreenshot(driver, this.test.title);\naddContext(this, {\n    title: 'Thông báo: ' + result.validationMessage,\n    value: `../${screenshotPath}`\n});",
              "err": {
                "message": "Error: BUG: Website không hiển thị thông báo \"Vui lòng nhập từ khóa\" khi bỏ trống ô tìm kiếm",
                "estack": "Error: BUG: Website không hiển thị thông báo \"Vui lòng nhập từ khóa\" khi bỏ trống ô tìm kiếm\n    at Context.<anonymous> (tests\\Module 2\\tc13_validation_tim_kiem.test.js:42:19)\n    at process.processTicksAndRejections (node:internal/process/task_queues:105:5)",
                "diff": null
              },
              "uuid": "822e5e44-0070-45b5-a004-88f2e8dad56e",
              "parentUUID": "57b693a3-9981-47d5-bf9b-f39be6ae9b6e",
              "isHook": false,
              "skipped": false
            }
          ],
          "suites": [],
          "passes": [],
          "failures": [
            "822e5e44-0070-45b5-a004-88f2e8dad56e"
          ],
          "pending": [],
          "skipped": [],
          "duration": 17068,
          "root": false,
          "rootEmpty": false,
          "_timeout": 60000
        },
        {
          "uuid": "096306ee-d4a3-4c04-80cd-86299c2b152b",
          "title": "TC4: Thêm sản phẩm vào giỏ hàng",
          "fullFile": "D:\\SoftwareTesting\\tests\\Module 2\\tc14_them_san_pham_gio_hang.test.js",
          "file": "\\tests\\Module 2\\tc14_them_san_pham_gio_hang.test.js",
          "beforeHooks": [
            {
              "title": "\"before each\" hook in \"TC4: Thêm sản phẩm vào giỏ hàng\"",
              "fullTitle": "TC4: Thêm sản phẩm vào giỏ hàng \"before each\" hook in \"TC4: Thêm sản phẩm vào giỏ hàng\"",
              "timedOut": false,
              "duration": 1122,
              "state": null,
              "speed": null,
              "pass": false,
              "fail": false,
              "pending": false,
              "context": null,
              "code": "driver = await new Builder().forBrowser('chrome').build();\nawait driver.manage().window().maximize();",
              "err": {},
              "uuid": "866b8c08-0fe4-4d3e-bc57-3d2ab9e8eeb5",
              "parentUUID": "096306ee-d4a3-4c04-80cd-86299c2b152b",
              "isHook": true,
              "skipped": false
            }
          ],
          "afterHooks": [
            {
              "title": "\"after each\" hook in \"TC4: Thêm sản phẩm vào giỏ hàng\"",
              "fullTitle": "TC4: Thêm sản phẩm vào giỏ hàng \"after each\" hook in \"TC4: Thêm sản phẩm vào giỏ hàng\"",
              "timedOut": false,
              "duration": 283,
              "state": null,
              "speed": null,
              "pass": false,
              "fail": false,
              "pending": false,
              "context": null,
              "code": "if (this.currentTest.state === 'failed') {\n    const screenshotPath = await takeScreenshot(driver, this.currentTest.title);\n    addContext(this, {\n        title: 'Screenshot khi thất bại.',\n        value: `../${screenshotPath}`\n    });\n}\nif (driver) {\n    await driver.quit();\n}",
              "err": {},
              "uuid": "5be222e0-7c36-4912-9235-d54b94d97da3",
              "parentUUID": "096306ee-d4a3-4c04-80cd-86299c2b152b",
              "isHook": true,
              "skipped": false
            }
          ],
          "tests": [
            {
              "title": "Thêm sản phẩm vào giỏ hàng thành công",
              "fullTitle": "TC4: Thêm sản phẩm vào giỏ hàng Thêm sản phẩm vào giỏ hàng thành công",
              "timedOut": false,
              "duration": 17068,
              "state": "passed",
              "speed": "slow",
              "pass": true,
              "fail": false,
              "pending": false,
              "context": "{\n  \"title\": \"Thêm sản phẩm vào giỏ hàng thành công\",\n  \"value\": \"../screenshots/th_m_s_n_ph_m_v_o_gi__h_ng_th_nh_c_ng_1777912862108.png\"\n}",
              "code": "await driver.get(data.shared.url);\nawait driver.wait(until.elementLocated(By.tagName('body')), 10000);\nawait closeBanner(driver);\nawait closeCookieBanner(driver);\n// Bước 1: Click vào sản phẩm trên trang chủ\n// XPath nâng cao: tìm sản phẩm\nconst productXPath = \"//h3[contains(@class,'line-clamp')]\";\nconst productElement = await driver.wait(\n    until.elementLocated(By.xpath(productXPath)),\n    10000,\n    'Không tìm thấy sản phẩm'\n);\nconst productName = await productElement.getText();\nconsole.log('Product clicked:', productName);\nawait driver.executeScript('arguments[0].click();', productElement);\n// Bước 2: Đợi URL thay đổi sang trang detail\nawait driver.wait(function() {\n    return driver.getCurrentUrl().then(function(url) {\n        return url.includes('/p/') || url.includes('product') || url !== data.shared.url;\n    });\n}, 10000, 'Không chuyển sang trang detail');\n\nconst firstWord = productName.split(' ')[0];\nconst detailTitleXPath = `//h1[contains(text(),'${firstWord}')]`;\nawait driver.wait(until.elementLocated(By.xpath(detailTitleXPath)), 10000, 'Title không load');\n\nconst detailTitle = await driver.findElement(By.xpath(detailTitleXPath));\nconst detailProductName = await detailTitle.getText();\nconsole.log('Detail product name:', detailProductName);\n// Bước 3: Click nút thêm vào giỏ hàng\n// XPath nâng cao: tìm button Thêm\nawait driver.executeScript('window.scrollTo(0, document.body.scrollHeight);');\nawait driver.sleep(500);\nconst addButtonXPath = \"//button[@aria-label='Thêm sản phẩm vào giỏ hàng']\";\nconst addButton = await driver.wait(until.elementLocated(By.xpath(addButtonXPath)), 10000, 'Không tìm thấy nút thêm');\nawait driver.executeScript('arguments[0].click();', addButton);\nconsole.log('Clicked add to cart button');\n// Bước 4: Click vào giỏ hàng\n// XPath nâng cao: tìm link giỏ hàng\nconst cartLinkXPath = \"//a[@aria-label='giỏ hàng']\";\nconst cartLink = await driver.wait(\n    until.elementLocated(By.xpath(cartLinkXPath)),\n    5000,\n    'Không tìm thấy giỏ hàng'\n);\nawait driver.executeScript('arguments[0].click();', cartLink);\n// Bước 5: Verify sản phẩm trong giỏ hàng\n// XPath nâng cao: tìm sản phẩm trong giỏ\nconst cartProductXPath = `//span[contains(@title,'${detailProductName}')]`;\nlet productInCart = false;\n\ntry {\n    await driver.wait(until.elementLocated(By.xpath(cartProductXPath)), 5000);\n    productInCart = true;\n    console.log('Product found in cart');\n    const quantityInput = await driver.findElement(\n        By.xpath(`//span[contains(@title,'${detailProductName}')]/ancestor::div[contains(@class,'item')]//input[@type='number']`)\n    );\n    const quantity = await quantityInput.getAttribute('value');\n    console.log('Quantity:', quantity);\n    expect(quantity).to.equal('1');\n} catch (e) {\n    console.log('Product not found in cart');\n}\nexpect(productInCart).to.be.true;\nconst screenshotPath = await takeScreenshot(driver, this.test.title);\naddContext(this, {\n    title: 'Thêm sản phẩm vào giỏ hàng thành công',\n    value: `../${screenshotPath}`\n});",
              "err": {},
              "uuid": "37a99f4f-6bb4-4b84-b697-2df19034ca3f",
              "parentUUID": "096306ee-d4a3-4c04-80cd-86299c2b152b",
              "isHook": false,
              "skipped": false
            }
          ],
          "suites": [],
          "passes": [
            "37a99f4f-6bb4-4b84-b697-2df19034ca3f"
          ],
          "failures": [],
          "pending": [],
          "skipped": [],
          "duration": 17068,
          "root": false,
          "rootEmpty": false,
          "_timeout": 90000
        },
        {
          "uuid": "b406deb2-051f-4e7b-966f-aa0d24e6dfe9",
          "title": "TC5: Bình luận sản phẩm",
          "fullFile": "D:\\SoftwareTesting\\tests\\Module 2\\tc15_binh_luan.test.js",
          "file": "\\tests\\Module 2\\tc15_binh_luan.test.js",
          "beforeHooks": [
            {
              "title": "\"before each\" hook in \"TC5: Bình luận sản phẩm\"",
              "fullTitle": "TC5: Bình luận sản phẩm \"before each\" hook in \"TC5: Bình luận sản phẩm\"",
              "timedOut": false,
              "duration": 1274,
              "state": null,
              "speed": null,
              "pass": false,
              "fail": false,
              "pending": false,
              "context": null,
              "code": "driver = await new Builder().forBrowser('chrome').build();\nawait driver.manage().window().maximize();",
              "err": {},
              "uuid": "eaab1d7d-6f52-495e-8aa7-af0b2600f2aa",
              "parentUUID": "b406deb2-051f-4e7b-966f-aa0d24e6dfe9",
              "isHook": true,
              "skipped": false
            }
          ],
          "afterHooks": [
            {
              "title": "\"after each\" hook in \"TC5: Bình luận sản phẩm\"",
              "fullTitle": "TC5: Bình luận sản phẩm \"after each\" hook in \"TC5: Bình luận sản phẩm\"",
              "timedOut": false,
              "duration": 202,
              "state": null,
              "speed": null,
              "pass": false,
              "fail": false,
              "pending": false,
              "context": null,
              "code": "if (this.currentTest.state === 'failed') {\n    const screenshotPath = await takeScreenshot(driver, this.currentTest.title);\n    addContext(this, {\n        title: 'Screenshot khi thất bại.',\n        value: `../${screenshotPath}`\n    });\n}\nif (driver) {\n    await driver.quit();\n}",
              "err": {},
              "uuid": "d29741de-0942-4197-b960-488aaff42423",
              "parentUUID": "b406deb2-051f-4e7b-966f-aa0d24e6dfe9",
              "isHook": true,
              "skipped": false
            }
          ],
          "tests": [
            {
              "title": "Gửi bình luận sản phẩm thành công",
              "fullTitle": "TC5: Bình luận sản phẩm Gửi bình luận sản phẩm thành công",
              "timedOut": false,
              "duration": 32812,
              "state": "passed",
              "speed": "slow",
              "pass": true,
              "fail": false,
              "pending": false,
              "context": "{\n  \"title\": \"Bình luận sản phẩm\",\n  \"value\": \"../screenshots/g_i_b_nh_lu_n_s_n_ph_m_th_nh_c_ng_1777912896662.png\"\n}",
              "code": "await driver.get(data.shared.url);\nawait driver.wait(until.elementLocated(By.tagName('body')), 10000);\nawait closeBanner(driver);\nawait closeCookieBanner(driver);\n// Bước 1: Click vào sản phẩm trên trang chủ\n// XPath nâng cao: tìm sản phẩm\nconst productXPath = \"//h3[contains(@class,'line-clamp')]\";\nconst productElement = await driver.wait(\n    until.elementLocated(By.xpath(productXPath)),\n    10000,\n    'Không tìm thấy sản phẩm'\n);\nconst productName = await productElement.getText();\nconsole.log('Product clicked:', productName);\nawait driver.executeScript('arguments[0].click();', productElement);\n// Bước 2: Đợi trang detail load\nawait driver.wait(function() {\n    return driver.getCurrentUrl().then(function(url) {\n        return url.includes('/p/') || url.includes('product') || url !== data.shared.url;\n    });\n}, 10000, 'Không chuyển sang trang detail');\n\nconst firstWord = productName.split(' ')[0];\nconst detailTitleXPath = `//h1[contains(text(),'${firstWord}')]`;\nawait driver.wait(until.elementLocated(By.xpath(detailTitleXPath)), 10000, 'Title không load');\nawait driver.sleep(500);\n\nconst detailTitle = await driver.findElement(By.xpath(detailTitleXPath));\nconst detailProductName = await detailTitle.getText();\nconsole.log('Detail product name:', detailProductName);\n// Bước 3: Scroll xuống dưới để tìm phần bình luận\nawait driver.executeScript('window.scrollTo(0, document.body.scrollHeight);');\nawait driver.sleep(1000);\n// Tìm textarea để nhập bình luận - tìm tất cả textarea rồi lọc\nconst allTextareas = await driver.findElements(By.xpath(\"//textarea\"));\nconsole.log('Found textareas:', allTextareas.length);\n\nlet commentTextarea = null;\nfor (let textarea of allTextareas) {\n    const placeholder = await textarea.getAttribute('placeholder');\n    console.log('Textarea placeholder:', placeholder);\n    if (placeholder && placeholder.includes('bình luận')) {\n        commentTextarea = textarea;\n        break;\n    }\n}\n\nif (!commentTextarea) {\n    throw new Error('Không tìm thấy textarea bình luận');\n}\n\nawait driver.executeScript('arguments[0].scrollIntoView({block: \"center\"});', commentTextarea);\nawait driver.sleep(500);\n// Click để focus vào textarea\nawait commentTextarea.click();\nawait driver.sleep(300);\n\n// Nhập bình luận\nawait commentTextarea.sendKeys(data.module2.commentData.comment);\nconsole.log('Đã nhập nội dung bình luận:', data.module2.commentData.comment);\n// Đợi 3 giây sau khi nhập nội dung\nawait driver.sleep(3000);\n// Bước 4: Tìm nút gửi bình luận - tìm tất cả button gần textarea\nawait driver.sleep(500);\n// Tìm button trong cùng container với textarea\nconst submitButtonXPath = \"(//textarea[contains(@placeholder,'Nhập')]/ancestor::*[contains(@class,'flex')]//button)[last()]\";\nlet submitButton;\ntry {\n    submitButton = await driver.wait(\n        until.elementLocated(By.xpath(submitButtonXPath)),\n        5000\n    );\n} catch (e) {\n    // Thử XPath khác - tìm button bất kỳ gần textarea\n    console.log('Thử XPath khác...');\n    const allButtons = await driver.findElements(By.xpath(\"//button\"));\n    console.log('Tổng số button trên trang:', allButtons.length);\n    for (let i = 0; i < allButtons.length; i++) {\n        const text = await allButtons[i].getText();\n        console.log(`Button ${i}: \"${text}\"`);\n        if (text && text.includes('Gửi')) {\n            submitButton = allButtons[i];\n            break;\n        }\n    }\n}\nif (!submitButton) {\n    throw new Error('Không tìm thấy nút gửi bình luận');\n}\nawait driver.executeScript('arguments[0].scrollIntoView({block: \"center\"});', submitButton);\nawait driver.sleep(500);\nawait driver.executeScript('arguments[0].click();', submitButton);\nconsole.log('Đã click nút gửi bình luận');\n// Bước 5: Đợi form thông tin người gửi xuất hiện (modal/popup) - đợi 5s\nawait driver.sleep(5000);\n// Tìm form thông tin người gửi (class fixed)\nconst formXPath = \"//span[contains(text(),'Thông tin người gửi')]\";\nconst formTitle = await driver.wait(\n    until.elementLocated(By.xpath(formXPath)),\n    10000,\n    'Form thông tin người gửi không xuất hiện'\n);\nconsole.log('Form thông tin người gửi đã mở');\n// Bước 6: Nhập họ và tên\n// XPath nâng cao: tìm input họ tên trong modal\nconst nameInput = await driver.wait(\n    until.elementLocated(By.xpath(\n        \"//input[@placeholder='Nhập họ và tên']\"\n    )),\n    5000,\n    'Không tìm thấy input họ tên'\n);\nawait driver.executeScript('arguments[0].scrollIntoView({block: \"center\"});', nameInput);\nawait driver.sleep(300);\nawait nameInput.sendKeys(data.module2.commentData.name);\nconsole.log('Đã nhập họ tên:', data.module2.commentData.name);\n// Bước 7: Nhập số điện thoại\n// XPath nâng cao: tìm input SDT\nconst phoneInput = await driver.wait(\n    until.elementLocated(By.xpath(\n        \"//input[@placeholder='Nhập số điện thoại']\"\n    )),\n    5000,\n    'Không tìm thấy input số điện thoại'\n);\nawait phoneInput.sendKeys(data.module2.commentData.phone);\nconsole.log('Đã nhập SDT:', data.module2.commentData.phone);\n// Bước 8: Nhập Email\n// XPath nâng cao: tìm input email\nconst emailInput = await driver.wait(\n    until.elementLocated(By.xpath(\n        \"//input[@placeholder='Nhập Email (nhận thông báo phản hồi)']\"\n    )),\n    5000,\n    'Không tìm thấy input email'\n);\nawait emailInput.sendKeys(data.module2.commentData.email);\nconsole.log('Đã nhập email:', data.module2.commentData.email);\n// Bước 9: Check checkbox đồng ý điều khoản\n// XPath nâng cao: tìm checkbox\nconst checkbox = await driver.wait(\n    until.elementLocated(By.xpath(\n        \"//input[@type='checkbox']\"\n    )),\n    5000,\n    'Không tìm thấy checkbox'\n);\nawait checkbox.click();\nconsole.log('Đã check checkbox đồng ý điều khoản');\n// Bước 10: Click nút Hoàn tất\n// XPath nâng cao: tìm button Hoàn tất\nconst completeButton = await driver.wait(\n    until.elementLocated(By.xpath(\n        \"//button[normalize-space(.)='Hoàn tất']\"\n    )),\n    5000,\n    'Không tìm thấy nút Hoàn tất'\n);\nawait driver.executeScript('arguments[0].scrollIntoView({block: \"center\"});', completeButton);\nawait driver.sleep(300);\nawait driver.executeScript('arguments[0].click();', completeButton);\nconsole.log('Đã click nút Hoàn tất');\n// Bước 11: Verify bình luận đã được gửi thành công\nawait driver.sleep(2000);\n// Verify bình luận đã xuất hiện\nexpect(\n    await driver.getPageSource().then(src => src.includes(data.module2.commentData.comment)),\n    'Bình luận không được gửi thành công'\n).to.be.true;\n// Scroll lên chỗ nhập bình luận để chụp hình bình luận đã gửi\nawait driver.executeScript('arguments[0].scrollIntoView({block: \"center\"});', commentTextarea);\nawait driver.sleep(500);\n// Scroll thêm một chút để thấy bình luận đã gửi bên dưới\nawait driver.executeScript('window.scrollBy(0, 200);');\nawait driver.sleep(300);\nconst screenshotPath = await takeScreenshot(driver, this.test.title);\naddContext(this, {\n    title: 'Bình luận sản phẩm',\n    value: `../${screenshotPath}`\n});",
              "err": {},
              "uuid": "73206398-224f-4db0-ba56-f419de529fad",
              "parentUUID": "b406deb2-051f-4e7b-966f-aa0d24e6dfe9",
              "isHook": false,
              "skipped": false
            }
          ],
          "suites": [],
          "passes": [
            "73206398-224f-4db0-ba56-f419de529fad"
          ],
          "failures": [],
          "pending": [],
          "skipped": [],
          "duration": 32812,
          "root": false,
          "rootEmpty": false,
          "_timeout": 90000
        }
      ],
      "passes": [],
      "failures": [],
      "pending": [],
      "skipped": [],
      "duration": 0,
      "root": true,
      "rootEmpty": true,
      "_timeout": 2000
    }
  ],
  "meta": {
    "mocha": {
      "version": "11.7.5"
    },
    "mochawesome": {
      "options": {
        "quiet": false,
        "reportFilename": "mochawesome",
        "saveHtml": true,
        "saveJson": true,
        "consoleReporter": "spec",
        "useInlineDiffs": false,
        "code": true
      },
      "version": "7.1.4"
    },
    "marge": {
      "options": null,
      "version": "6.3.2"
    }
  }
}